============================= test session starts ==============================
collecting ... collected 669 items / 8 deselected / 661 selected

tests/agent_runtime/test_agent_runtime.py::test_prompt_assembly_redacts_sensitive_values PASSED [  0%]
tests/agent_runtime/test_agent_runtime.py::test_agent_runner_validates_output_and_checkpoints_thread_state PASSED [  0%]
tests/agent_runtime/test_agent_runtime.py::test_agent_runner_retries_on_validation_error_then_succeeds PASSED [  0%]
tests/agent_runtime/test_agent_runtime.py::test_agent_runner_times_out_and_retries PASSED [  0%]
tests/agent_runtime/test_agent_runtime.py::test_agent_audit_serializer_redacts_sensitive_metadata PASSED [  0%]
tests/agent_runtime/test_runner_integration.py::test_repository_thread_state_store_integrates_with_agent_runner PASSED [  0%]
tests/agent_runtime/test_runner_integration.py::test_agent_runner_executes_governai_style_tool_calls_through_executable_units PASSED [  1%]
tests/agent_runtime/test_runner_tools.py::test_agent_runner_executes_declared_tool_calls PASSED [  1%]
tests/agent_runtime/test_runner_tools.py::test_agent_runner_rejects_undeclared_tool_calls PASSED [  1%]
tests/agent_runtime/test_thread_store.py::test_thread_resolver_creates_and_continues_thread PASSED [  1%]
tests/agent_runtime/test_thread_store.py::test_thread_state_store_checkpoints_and_loads_latest_state PASSED [  1%]
tests/agent_runtime/test_thread_store.py::test_thread_store_noop_helpers_without_thread_id PASSED [  1%]
tests/agent_runtime/test_tools.py::test_tool_attachment_registry_resolves_aliases_and_normalizes_refs PASSED [  1%]
tests/agent_runtime/test_tools.py::test_tool_attachment_bridge_rejects_undeclared_tool_requests PASSED [  2%]
tests/agent_runtime/test_tools.py::test_tool_attachment_bridge_enforces_permissions PASSED [  2%]
tests/agent_runtime/test_tools.py::test_tool_attachment_audit_helpers_capture_timeout_and_side_effect_metadata PASSED [  2%]
tests/approvals/test_service.py::test_approval_service_creates_and_queries_pending_records PASSED [  2%]
tests/approvals/test_service.py::test_approval_service_resolves_and_is_idempotent PASSED [  2%]
tests/audit/test_audit_repository.py::test_audit_repository_writes_queries_and_assembles_timeline PASSED [  2%]
tests/audit/test_audit_repository.py::test_payload_sanitizer_redacts_keys_and_omits_fields PASSED [  3%]
tests/audit/test_audit_repository.py::test_audit_repository_round_trips_actor_and_scope PASSED [  3%]
tests/audit/test_audit_repository.py::test_audit_repository_assigns_digest_chain_and_rejects_duplicate_ids PASSED [  3%]
tests/audit/test_audit_repository.py::test_audit_continuity_verifier_detects_tampering_and_preserves_supersession PASSED [  3%]
tests/conditions/test_branch.py::test_condition_binder_projects_graph_edges PASSED [  3%]
tests/conditions/test_branch.py::test_branch_resolver_supports_one_to_one_and_fan_out PASSED [  3%]
tests/conditions/test_branch.py::test_branch_resolver_suppresses_false_conditions PASSED [  3%]
tests/conditions/test_branch.py::test_branch_resolver_allows_cycle_traversal_with_safeguard PASSED [  4%]
tests/conditions/test_branch.py::test_next_step_planner_wraps_branch_resolution PASSED [  4%]
tests/conditions/test_evaluator.py::test_condition_evaluator_handles_nested_paths_and_metadata PASSED [  4%]
tests/conditions/test_evaluator.py::test_condition_evaluator_supports_operand_refs PASSED [  4%]
tests/conditions/test_evaluator.py::test_condition_evaluator_rejects_unsupported_calls PASSED [  4%]
tests/conditions/test_recorder.py::test_condition_result_recorder_appends_to_run_state PASSED [  4%]
tests/contracts/test_registry.py::test_registry_crud_and_versioning PASSED [  4%]
tests/contracts/test_registry.py::test_registry_supports_nested_optional_enum_and_array_schema PASSED [  5%]
tests/contracts/test_registry.py::test_registry_raises_for_missing_versions PASSED [  5%]
tests/contracts/test_registry.py::test_registry_binds_governai_tool_and_step_specs PASSED [  5%]
tests/deployments/test_service.py::test_deploy_published_graph_succeeds PASSED [  5%]
tests/deployments/test_service.py::test_deploy_draft_graph_fails PASSED  [  5%]
tests/deployments/test_service.py::test_unversioned_deploy_selects_latest_published_version_when_newer_draft_exists PASSED [  5%]
tests/deployments/test_service.py::test_snapshot_integrity_is_preserved PASSED [  6%]
tests/deployments/test_service.py::test_deploy_rejects_missing_entry_contract_registration PASSED [  6%]
tests/deployments/test_service.py::test_rollback_creates_new_deployment_version_for_older_published_graph PASSED [  6%]
tests/deployments/test_service.py::test_reusing_existing_deployment_ref_for_different_graph_is_rejected PASSED [  6%]
tests/deployments/test_service.py::test_deploy_retries_when_version_insert_races PASSED [  6%]
tests/dispatch/test_arq_wakeup.py::test_arq_settings_from_zeroth PASSED  [  6%]
tests/dispatch/test_arq_wakeup.py::test_arq_settings_from_zeroth_no_password PASSED [  6%]
tests/dispatch/test_arq_wakeup.py::test_enqueue_wakeup_success PASSED    [  7%]
tests/dispatch/test_arq_wakeup.py::test_enqueue_wakeup_none_pool PASSED  [  7%]
tests/dispatch/test_arq_wakeup.py::test_enqueue_wakeup_swallows_exception PASSED [  7%]
tests/dispatch/test_arq_wakeup.py::test_create_arq_pool_failure_returns_none PASSED [  7%]
tests/dispatch/test_integration.py::test_run_creation_enqueues_wakeup PASSED [  7%]
tests/dispatch/test_integration.py::test_run_creation_no_wakeup_when_arq_disabled PASSED [  7%]
tests/dispatch/test_integration.py::test_graceful_shutdown_called_on_lifespan_exit PASSED [  8%]
tests/dispatch/test_integration.py::test_arq_consumer_started_when_pool_available PASSED [  8%]
tests/dispatch/test_integration.py::test_worker_uses_dispatch_settings PASSED [  8%]
tests/dispatch/test_lease.py::test_claim_pending_returns_none_when_empty PASSED [  8%]
tests/dispatch/test_lease.py::test_claim_pending_claims_oldest_run PASSED [  8%]
tests/dispatch/test_lease.py::test_claim_pending_sets_lease_columns PASSED [  8%]
tests/dispatch/test_lease.py::test_release_clears_lease_columns PASSED   [  8%]
tests/dispatch/test_lease.py::test_renew_lease_returns_true_for_owner PASSED [  9%]
tests/dispatch/test_lease.py::test_renew_lease_returns_false_for_non_owner PASSED [  9%]
tests/dispatch/test_lease.py::test_concurrent_claims_do_not_overlap PASSED [  9%]
tests/dispatch/test_lease.py::test_claim_orphaned_finds_running_runs_with_expired_leases PASSED [  9%]
tests/dispatch/test_lease.py::test_get_recovery_checkpoint_id_returns_none_when_no_checkpoint PASSED [  9%]
tests/dispatch/test_lease.py::test_claim_pending_sqlite_fallback PASSED  [  9%]
tests/dispatch/test_lease.py::test_is_postgres_detection_with_sqlite PASSED [  9%]
tests/dispatch/test_lease.py::test_is_postgres_detection_with_pg PASSED  [ 10%]
tests/dispatch/test_lease.py::test_is_postgres_detection_with_mock_non_pg PASSED [ 10%]
tests/dispatch/test_lease.py::test_claim_pending_pg_uses_skip_locked PASSED [ 10%]
tests/dispatch/test_lease.py::test_claim_pending_pg_returns_none_when_no_work PASSED [ 10%]
tests/dispatch/test_lease.py::test_claim_pending_pg_returns_run_id_on_success PASSED [ 10%]
tests/dispatch/test_recovery.py::test_schedule_continuation_transitions_run_to_pending PASSED [ 10%]
tests/dispatch/test_recovery.py::test_schedule_continuation_reject_marks_failed PASSED [ 11%]
tests/dispatch/test_recovery.py::test_lease_is_cleared_after_schedule_continuation PASSED [ 11%]
tests/dispatch/test_worker.py::test_worker_drives_pending_run_to_completed PASSED [ 11%]
tests/dispatch/test_worker.py::test_worker_respects_concurrency_semaphore PASSED [ 11%]
tests/dispatch/test_worker.py::test_worker_marks_failed_on_orchestrator_exception PASSED [ 11%]
tests/dispatch/test_worker.py::test_worker_recovers_orphaned_run PASSED  [ 11%]
tests/dispatch/test_worker.py::test_worker_does_not_claim_more_runs_than_available_capacity PASSED [ 11%]
tests/dispatch/test_worker.py::test_handle_wakeup_claims_and_dispatches PASSED [ 12%]
tests/dispatch/test_worker.py::test_handle_wakeup_releases_semaphore_on_no_work PASSED [ 12%]
tests/dispatch/test_worker.py::test_graceful_shutdown_waits_for_active_tasks PASSED [ 12%]
tests/dispatch/test_worker.py::test_extract_run_id_from_task_name PASSED [ 12%]
tests/dispatch/test_worker.py::test_stopping_flag_exits_poll_loop PASSED [ 12%]
tests/execution_units/test_adapters.py::test_python_runtime_adapter_materializes_and_executes_tool PASSED [ 12%]
tests/execution_units/test_adapters.py::test_command_runtime_adapter_materializes_and_executes_cli_tool PASSED [ 13%]
tests/execution_units/test_integrity.py::test_manifest_digest_is_stable_and_deterministic PASSED [ 13%]
tests/execution_units/test_integrity.py::test_admission_controller_admits_trusted_manifest PASSED [ 13%]
tests/execution_units/test_integrity.py::test_admission_controller_rejects_modified_manifest PASSED [ 13%]
tests/execution_units/test_integrity.py::test_admission_controller_rejects_untrusted_runtime_or_command PASSED [ 13%]
tests/execution_units/test_integrity.py::test_executable_unit_admission_denials_are_recorded_in_audit PASSED [ 13%]
tests/execution_units/test_io.py::test_input_injection_modes_render_structured_payload[json_stdin-expected_stdin0-expected_argv0-None-None] PASSED [ 13%]
tests/execution_units/test_io.py::test_input_injection_modes_render_structured_payload[cli_args-None-expected_argv1-None-None] PASSED [ 14%]
tests/execution_units/test_io.py::test_input_injection_modes_render_structured_payload[env_vars-None-expected_argv2-ZEROTH_INPUT_API_KEY-"secret"] PASSED [ 14%]
tests/execution_units/test_io.py::test_input_file_json_mode_writes_payload PASSED [ 14%]
tests/execution_units/test_io.py::test_output_extraction_modes_normalize_payload[json_stdout-  {"answer": "done", "score": 7}\n-None-None-expected_payload0] PASSED [ 14%]
tests/execution_units/test_io.py::test_output_extraction_modes_normalize_payload[tagged_stdout_json-log line\nZEROTH_OUTPUT_JSON={"answer":"done","score":7}\n-None-None-expected_payload1] PASSED [ 14%]
tests/execution_units/test_io.py::test_output_extraction_modes_normalize_payload[text_stdout-plain text output\n-None-None-expected_payload2] PASSED [ 14%]
tests/execution_units/test_io.py::test_output_extraction_modes_normalize_payload[exit_code_only--17-None-expected_payload3] PASSED [ 14%]
tests/execution_units/test_io.py::test_output_file_json_mode_reads_json_payload PASSED [ 15%]
tests/execution_units/test_io.py::test_output_conversion_validates_typed_model PASSED [ 15%]
tests/execution_units/test_io.py::test_input_injection_requires_input_file_path_for_file_mode PASSED [ 15%]
tests/execution_units/test_io.py::test_output_extraction_rejects_invalid_json_stdout PASSED [ 15%]
tests/execution_units/test_io.py::test_output_extraction_rejects_missing_tagged_json_line PASSED [ 15%]
tests/execution_units/test_io.py::test_output_extraction_rejects_missing_output_file PASSED [ 15%]
tests/execution_units/test_io.py::test_output_extraction_requires_exit_code_for_exit_code_mode PASSED [ 16%]
tests/execution_units/test_io.py::test_output_conversion_rejects_invalid_payload PASSED [ 16%]
tests/execution_units/test_manifest.py::test_manifest_validator_accepts_each_onboarding_mode PASSED [ 16%]
tests/execution_units/test_manifest.py::test_manifest_validator_rejects_missing_required_wrapped_command PASSED [ 16%]
tests/execution_units/test_runner.py::test_wrapped_command_runner_supports_cli_args_and_json_stdout PASSED [ 16%]
tests/execution_units/test_runner.py::test_wrapped_command_runner_supports_env_vars_and_tagged_stdout PASSED [ 16%]
tests/execution_units/test_runner.py::test_project_runner_builds_once_per_cache_key PASSED [ 16%]
tests/execution_units/test_runner.py::test_native_runner_uses_governai_python_tool_for_native_units PASSED [ 17%]
tests/execution_units/test_runner.py::test_runner_allows_exit_code_only_for_non_zero_exit PASSED [ 17%]
tests/execution_units/test_sandbox.py::test_sandbox_manager_runs_in_temp_workdir_and_filters_environment PASSED [ 17%]
tests/execution_units/test_sandbox.py::test_sandbox_manager_times_out_and_raises PASSED [ 17%]
tests/execution_units/test_sandbox.py::test_environment_cache_manager_hits_misses_and_cache_keys_are_stable PASSED [ 17%]
tests/execution_units/test_sandbox.py::test_sandbox_manager_auto_selects_provisioned_docker_backend PASSED [ 17%]
tests/execution_units/test_sandbox.py::test_sandbox_manager_raises_when_docker_backend_is_requested_but_missing PASSED [ 18%]
tests/execution_units/test_sandbox.py::test_sidecar_enum_exists PASSED   [ 18%]
tests/execution_units/test_sandbox.py::test_resolve_backend_returns_sidecar_when_configured PASSED [ 18%]
tests/execution_units/test_sandbox.py::test_resolve_backend_raises_when_sidecar_no_client PASSED [ 18%]
tests/execution_units/test_sandbox.py::test_run_via_sidecar_constructs_request_and_translates_response PASSED [ 18%]
tests/execution_units/test_sandbox.py::test_sandbox_config_has_sidecar_url PASSED [ 18%]
tests/execution_units/test_sandbox_hardening.py::test_strict_mode_raises_when_docker_unavailable PASSED [ 18%]
tests/execution_units/test_sandbox_hardening.py::test_standard_mode_raises_when_docker_unavailable_without_local_fallback PASSED [ 19%]
tests/execution_units/test_sandbox_hardening.py::test_permissive_mode_falls_back_to_local_when_docker_unavailable PASSED [ 19%]
tests/execution_units/test_sandbox_hardening.py::test_build_docker_resource_flags_translates_supported_constraints PASSED [ 19%]
tests/execution_units/test_sandbox_hardening.py::test_run_in_docker_applies_resource_constraint_flags PASSED [ 19%]
tests/execution_units/test_sandbox_hardening.py::test_policy_violation_is_raised_when_required_isolation_cannot_be_met PASSED [ 19%]
tests/execution_units/test_sidecar_client.py::test_execute_sends_post PASSED [ 19%]
tests/execution_units/test_sidecar_client.py::test_get_status PASSED     [ 19%]
tests/execution_units/test_sidecar_client.py::test_cancel PASSED         [ 20%]
tests/execution_units/test_sidecar_client.py::test_health PASSED         [ 20%]
tests/execution_units/test_sidecar_client.py::test_execute_http_error PASSED [ 20%]
tests/execution_units/test_sidecar_client.py::test_get_status_not_found PASSED [ 20%]
tests/graph/test_models.py::test_graph_serialization_round_trip_preserves_governai_shape PASSED [ 20%]
tests/graph/test_models.py::test_graph_compiles_to_governai_flow_spec PASSED [ 20%]
tests/graph/test_models.py::test_graph_lifecycle_transitions PASSED      [ 21%]
tests/graph/test_models.py::test_graph_rejects_invalid_entry_step PASSED [ 21%]
tests/graph/test_repository.py::test_graph_repository_round_trip PASSED  [ 21%]
tests/graph/test_repository.py::test_graph_repository_updates_status PASSED [ 21%]
tests/graph/test_repository.py::test_graph_repository_clone_published_to_new_draft_and_preserve_history PASSED [ 21%]
tests/graph/test_repository.py::test_graph_repository_rejects_mutating_published_graph PASSED [ 21%]
tests/graph/test_repository.py::test_graph_repository_diff_detects_semantic_changes PASSED [ 21%]
tests/graph/test_validation.py::test_validator_accepts_well_formed_cyclic_graph_with_safeguard PASSED [ 22%]
tests/graph/test_validation.py::test_validator_rejects_cyclic_graph_without_safeguard PASSED [ 22%]
tests/graph/test_validation.py::test_validator_reports_entrypoint_and_edge_errors PASSED [ 22%]
tests/graph/test_validation.py::test_validator_reports_contract_attachment_and_condition_errors PASSED [ 22%]
tests/graph/test_validation.py::test_validator_reports_invalid_mapping_and_raise_helper PASSED [ 22%]
tests/guardrails/test_dead_letter.py::test_dead_letter_not_triggered_below_threshold PASSED [ 22%]
tests/guardrails/test_dead_letter.py::test_dead_letter_triggered_at_threshold PASSED [ 22%]
tests/guardrails/test_dead_letter.py::test_dead_letter_metadata_captured PASSED [ 23%]
tests/guardrails/test_dead_letter.py::test_list_dead_letter_runs_returns_dead_lettered_runs PASSED [ 23%]
tests/guardrails/test_rate_limit.py::test_token_bucket_allows_first_request PASSED [ 23%]
tests/guardrails/test_rate_limit.py::test_token_bucket_exhausts_after_capacity_requests PASSED [ 23%]
tests/guardrails/test_rate_limit.py::test_token_bucket_different_keys_are_independent PASSED [ 23%]
tests/guardrails/test_rate_limit.py::test_quota_enforcer_allows_within_limit PASSED [ 23%]
tests/guardrails/test_rate_limit.py::test_quota_enforcer_rejects_after_limit PASSED [ 24%]
tests/guardrails/test_rate_limit.py::test_quota_enforcer_resets_after_window PASSED [ 24%]
tests/live_scenarios/test_research_audit.py::test_research_audit_bootstrap_and_api_flow FAILED [ 24%]
tests/live_scenarios/test_research_audit.py::test_research_audit_approval_pause_and_resume FAILED [ 24%]
tests/live_scenarios/test_research_audit.py::test_research_audit_thread_continuity_across_runs FAILED [ 24%]
tests/live_scenarios/test_research_audit.py::test_research_audit_strict_policy_mode_terminates_run PASSED [ 24%]
tests/mappings/test_executor.py::test_mapping_executor_applies_nested_operations PASSED [ 24%]
tests/mappings/test_executor.py::test_mapping_executor_uses_source_value_before_default PASSED [ 25%]
tests/mappings/test_validator.py::test_mapping_validator_accepts_valid_mapping PASSED [ 25%]
tests/mappings/test_validator.py::test_mapping_validator_rejects_duplicate_targets PASSED [ 25%]
tests/mappings/test_validator.py::test_mapping_validator_rejects_empty_paths PASSED [ 25%]
tests/memory/test_chroma.py::TestProtocol::test_isinstance_memory_connector PASSED [ 25%]
tests/memory/test_chroma.py::TestCollectionNaming::test_collection_name_pattern PASSED [ 25%]
tests/memory/test_chroma.py::TestCollectionNaming::test_collection_name_sanitizes_target PASSED [ 26%]
tests/memory/test_chroma.py::TestWrite::test_write_stores_document PASSED [ 26%]
tests/memory/test_chroma.py::TestRead::test_read_returns_entry PASSED    [ 26%]
tests/memory/test_chroma.py::TestRead::test_read_returns_none_for_missing PASSED [ 26%]
tests/memory/test_chroma.py::TestSearch::test_search_returns_results PASSED [ 26%]
tests/memory/test_chroma.py::TestDelete::test_delete_removes_document PASSED [ 26%]
tests/memory/test_chroma.py::TestDelete::test_delete_raises_key_error_if_not_found PASSED [ 26%]
tests/memory/test_connectors.py::test_ephemeral_connector_is_governai_protocol PASSED [ 27%]
tests/memory/test_connectors.py::test_key_value_connector_is_governai_protocol PASSED [ 27%]
tests/memory/test_connectors.py::test_thread_connector_is_governai_protocol PASSED [ 27%]
tests/memory/test_connectors.py::test_ephemeral_read_returns_none_when_empty PASSED [ 27%]
tests/memory/test_connectors.py::test_ephemeral_write_then_read_returns_entry PASSED [ 27%]
tests/memory/test_connectors.py::test_ephemeral_write_overwrites_preserves_created_at PASSED [ 27%]
tests/memory/test_connectors.py::test_key_value_delete_raises_key_error_when_missing PASSED [ 27%]
tests/memory/test_connectors.py::test_key_value_write_read_delete_cycle PASSED [ 28%]
tests/memory/test_connectors.py::test_thread_search_returns_matching_entries PASSED [ 28%]
tests/memory/test_connectors.py::test_thread_search_empty_text_returns_all PASSED [ 28%]
tests/memory/test_connectors.py::test_different_targets_are_isolated PASSED [ 28%]
tests/memory/test_connectors.py::test_no_target_uses_empty_string PASSED [ 28%]
tests/memory/test_elastic.py::TestProtocol::test_isinstance_memory_connector PASSED [ 28%]
tests/memory/test_elastic.py::TestIndexNaming::test_index_name_pattern PASSED [ 29%]
tests/memory/test_elastic.py::TestIndexNaming::test_index_name_sanitizes_target PASSED [ 29%]
tests/memory/test_elastic.py::TestWrite::test_write_indexes_document PASSED [ 29%]
tests/memory/test_elastic.py::TestRead::test_read_returns_entry PASSED   [ 29%]
tests/memory/test_elastic.py::TestRead::test_read_returns_none_for_missing PASSED [ 29%]
tests/memory/test_elastic.py::TestSearch::test_search_returns_matching_documents PASSED [ 29%]
tests/memory/test_elastic.py::TestSearch::test_search_empty_text_uses_match_all PASSED [ 29%]
tests/memory/test_elastic.py::TestDelete::test_delete_removes_document PASSED [ 30%]
tests/memory/test_elastic.py::TestDelete::test_delete_raises_key_error_if_not_found PASSED [ 30%]
tests/memory/test_factory.py::TestDefaultRegistration::test_registers_ephemeral_key_value_thread PASSED [ 30%]
tests/memory/test_factory.py::TestDefaultRegistration::test_ephemeral_has_run_scope PASSED [ 30%]
tests/memory/test_factory.py::TestDefaultRegistration::test_key_value_has_shared_scope PASSED [ 30%]
tests/memory/test_factory.py::TestDefaultRegistration::test_thread_has_thread_scope PASSED [ 30%]
tests/memory/test_factory.py::TestDefaultRegistration::test_external_connectors_not_registered PASSED [ 31%]
tests/memory/test_factory.py::TestDefaultRegistration::test_connector_instances_are_correct_types PASSED [ 31%]
tests/memory/test_factory.py::TestRedisRegistration::test_registers_redis_kv_and_thread PASSED [ 31%]
tests/memory/test_factory.py::TestRedisRegistration::test_redis_connectors_receive_correct_config PASSED [ 31%]
tests/memory/test_factory.py::TestRedisRegistration::test_in_memory_connectors_still_registered_with_redis PASSED [ 31%]
tests/memory/test_factory.py::TestPgvectorRegistration::test_registers_pgvector PASSED [ 31%]
tests/memory/test_factory.py::TestPgvectorRegistration::test_pgvector_not_registered_without_conninfo PASSED [ 31%]
tests/memory/test_factory.py::TestPgvectorRegistration::test_pgvector_not_registered_when_disabled PASSED [ 32%]
tests/memory/test_factory.py::TestPgvectorRegistration::test_pgvector_receives_correct_config PASSED [ 32%]
tests/memory/test_factory.py::TestChromaRegistration::test_registers_chroma PASSED [ 32%]
tests/memory/test_factory.py::TestChromaRegistration::test_chroma_not_registered_when_disabled PASSED [ 32%]
tests/memory/test_factory.py::TestChromaRegistration::test_chroma_receives_correct_config PASSED [ 32%]
tests/memory/test_factory.py::TestElasticsearchRegistration::test_registers_elasticsearch PASSED [ 32%]
tests/memory/test_factory.py::TestElasticsearchRegistration::test_elasticsearch_not_registered_when_disabled PASSED [ 32%]
tests/memory/test_factory.py::TestElasticsearchRegistration::test_elasticsearch_receives_correct_config PASSED [ 33%]
tests/memory/test_factory.py::TestSingletonBehavior::test_same_connector_object_on_multiple_resolves PASSED [ 33%]
tests/memory/test_factory.py::TestSingletonBehavior::test_all_in_memory_connectors_are_singletons PASSED [ 33%]
tests/memory/test_pgvector.py::TestProtocol::test_isinstance_memory_connector PASSED [ 33%]
tests/memory/test_pgvector.py::TestWrite::test_write_stores_entry PASSED [ 33%]
tests/memory/test_pgvector.py::TestWrite::test_write_upsert_same_key PASSED [ 33%]
tests/memory/test_pgvector.py::TestRead::test_read_returns_entry PASSED  [ 34%]
tests/memory/test_pgvector.py::TestRead::test_read_returns_none_for_missing PASSED [ 34%]
tests/memory/test_pgvector.py::TestSearch::test_search_returns_ordered_results PASSED [ 34%]
tests/memory/test_pgvector.py::TestDelete::test_delete_removes_entry PASSED [ 34%]
tests/memory/test_pgvector.py::TestDelete::test_delete_raises_key_error_if_not_found PASSED [ 34%]
tests/memory/test_pgvector.py::TestEmbed::test_embed_calls_litellm PASSED [ 34%]
tests/memory/test_pgvector.py::TestScopeIsolation::test_different_scopes_use_different_params PASSED [ 34%]
tests/memory/test_redis_kv.py::TestProtocolConformance::test_isinstance_check PASSED [ 35%]
tests/memory/test_redis_kv.py::TestProtocolConformance::test_connector_type PASSED [ 35%]
tests/memory/test_redis_kv.py::TestRead::test_read_existing_key PASSED   [ 35%]
tests/memory/test_redis_kv.py::TestRead::test_read_nonexistent_returns_none PASSED [ 35%]
tests/memory/test_redis_kv.py::TestRead::test_read_no_target PASSED      [ 35%]
tests/memory/test_redis_kv.py::TestWrite::test_write_stores_entry PASSED [ 35%]
tests/memory/test_redis_kv.py::TestWrite::test_write_then_read_roundtrip PASSED [ 36%]
tests/memory/test_redis_kv.py::TestDelete::test_delete_existing_key PASSED [ 36%]
tests/memory/test_redis_kv.py::TestDelete::test_delete_nonexistent_raises_key_error PASSED [ 36%]
tests/memory/test_redis_kv.py::TestSearch::test_search_by_text PASSED    [ 36%]
tests/memory/test_redis_kv.py::TestSearch::test_search_empty_text_returns_all PASSED [ 36%]
tests/memory/test_redis_kv.py::TestScopeIsolation::test_different_targets_produce_different_keys PASSED [ 36%]
tests/memory/test_redis_kv.py::TestScopeIsolation::test_different_scopes_produce_different_keys PASSED [ 36%]
tests/memory/test_redis_kv.py::TestKeyFormat::test_key_format_structure PASSED [ 37%]
tests/memory/test_redis_kv.py::TestKeyFormat::test_key_format_no_target PASSED [ 37%]
tests/memory/test_redis_thread.py::TestProtocolConformance::test_isinstance_check PASSED [ 37%]
tests/memory/test_redis_thread.py::TestProtocolConformance::test_connector_type PASSED [ 37%]
tests/memory/test_redis_thread.py::TestRead::test_read_returns_latest_entry PASSED [ 37%]
tests/memory/test_redis_thread.py::TestRead::test_read_empty_set_returns_none PASSED [ 37%]
tests/memory/test_redis_thread.py::TestWrite::test_write_appends_to_sorted_set PASSED [ 37%]
tests/memory/test_redis_thread.py::TestWrite::test_multiple_writes_accumulate PASSED [ 38%]
tests/memory/test_redis_thread.py::TestDelete::test_delete_removes_key PASSED [ 38%]
tests/memory/test_redis_thread.py::TestDelete::test_delete_nonexistent_raises_key_error PASSED [ 38%]
tests/memory/test_redis_thread.py::TestSearch::test_search_by_text PASSED [ 38%]
tests/memory/test_redis_thread.py::TestSearch::test_search_with_limit PASSED [ 38%]
tests/memory/test_redis_thread.py::TestScopeIsolation::test_different_threads_produce_different_keys PASSED [ 38%]
tests/memory/test_redis_thread.py::TestKeyFormat::test_key_format_structure PASSED [ 39%]
tests/memory/test_redis_thread.py::TestKeyFormat::test_key_prefix_distinct_from_kv PASSED [ 39%]
tests/memory/test_resolver.py::test_resolver_wraps_with_scoped_and_auditing PASSED [ 39%]
tests/memory/test_resolver.py::test_resolver_without_emitter_still_wraps_scoped PASSED [ 39%]
tests/memory/test_resolver.py::test_resolved_binding_has_no_context_field PASSED [ 39%]
tests/memory/test_resolver.py::test_connector_manifest_uses_memory_scope PASSED [ 39%]
tests/observability/test_correlation.py::test_set_and_get_round_trip PASSED [ 39%]
tests/observability/test_correlation.py::test_new_correlation_id_generates_unique_ids PASSED [ 40%]
tests/observability/test_correlation.py::test_new_correlation_id_sets_current PASSED [ 40%]
tests/observability/test_correlation.py::test_correlation_id_isolated_across_tasks PASSED [ 40%]
tests/observability/test_metrics.py::test_counter_increments PASSED      [ 40%]
tests/observability/test_metrics.py::test_histogram_records_observation PASSED [ 40%]
tests/observability/test_metrics.py::test_gauge_set_overrides_previous PASSED [ 40%]
tests/observability/test_metrics.py::test_labels_are_included_in_output PASSED [ 40%]
tests/observability/test_metrics.py::test_thread_safe_increments PASSED  [ 41%]
tests/orchestrator/test_memory_budget_wiring.py::test_dispatch_injects_memory_resolver PASSED [ 41%]
tests/orchestrator/test_memory_budget_wiring.py::test_dispatch_injects_budget_enforcer PASSED [ 41%]
tests/orchestrator/test_memory_budget_wiring.py::test_dispatch_preserves_originals_when_none PASSED [ 41%]
tests/orchestrator/test_memory_budget_wiring.py::test_dispatch_restores_on_exception PASSED [ 41%]
tests/orchestrator/test_runtime.py::test_runtime_orchestrator_executes_linear_graph PASSED [ 41%]
tests/orchestrator/test_runtime.py::test_runtime_orchestrator_resolves_conditional_branch PASSED [ 42%]
tests/orchestrator/test_runtime.py::test_runtime_orchestrator_stops_cycle_with_max_total_steps PASSED [ 42%]
tests/orchestrator/test_runtime.py::test_runtime_orchestrator_pauses_on_human_approval PASSED [ 42%]
tests/orchestrator/test_runtime.py::test_runtime_orchestrator_continues_after_approval_resolution PASSED [ 42%]
tests/orchestrator/test_runtime.py::test_runtime_orchestrator_blocks_policy_violation_and_records_audit PASSED [ 42%]
tests/orchestrator/test_runtime.py::test_runtime_orchestrator_resumes_persisted_run PASSED [ 42%]
tests/policy/test_guard.py::test_policy_guard_allows_declared_capabilities PASSED [ 42%]
tests/policy/test_guard.py::test_policy_guard_denies_node_when_capability_is_denied PASSED [ 43%]
tests/policy/test_guard.py::test_apply_secret_policy_filters_environment_by_allowlist PASSED [ 43%]
tests/policy/test_guard.py::test_policy_guard_rejects_unknown_capability_ref PASSED [ 43%]
tests/policy/test_runtime_enforcement.py::test_runtime_orchestrator_passes_enforcement_context_to_runners_and_audit FAILED [ 43%]
tests/policy/test_runtime_enforcement.py::test_runtime_orchestrator_gates_side_effecting_nodes_behind_approval PASSED [ 43%]
tests/policy/test_runtime_enforcement.py::test_executable_unit_runner_applies_policy_overrides_before_sandbox PASSED [ 43%]
tests/policy/test_runtime_enforcement.py::test_agent_runner_applies_timeout_override_and_blocks_side_effecting_tool_calls PASSED [ 44%]
tests/runs/test_models.py::test_run_model_round_trips_json_serialization PASSED [ 44%]
tests/runs/test_models.py::test_thread_model_round_trips_json_serialization PASSED [ 44%]
tests/runs/test_models.py::test_run_status_enum_covers_phase_states PASSED [ 44%]
tests/runs/test_repository.py::test_run_repository_crud_round_trip PASSED [ 44%]
tests/runs/test_repository.py::test_run_repository_transitions_and_validation PASSED [ 44%]
tests/runs/test_repository.py::test_run_repository_terminal_failure_state_round_trip PASSED [ 44%]
tests/runs/test_repository.py::test_run_repository_checkpoint_semantics PASSED [ 45%]
tests/runs/test_repository.py::test_thread_repository_create_and_continue PASSED [ 45%]
tests/runs/test_repository.py::test_thread_repository_attach_run_updates_existing_thread PASSED [ 45%]
tests/runs/test_repository.py::test_thread_repository_thread_aware_run_indexing PASSED [ 45%]
tests/sandbox_sidecar/test_app.py::test_execute_endpoint PASSED          [ 45%]
tests/sandbox_sidecar/test_app.py::test_get_status_found PASSED          [ 45%]
tests/sandbox_sidecar/test_app.py::test_get_status_not_found PASSED      [ 45%]
tests/sandbox_sidecar/test_app.py::test_cancel_endpoint PASSED           [ 46%]
tests/sandbox_sidecar/test_app.py::test_health_endpoint PASSED           [ 46%]
tests/sandbox_sidecar/test_app.py::test_health_docker_unavailable PASSED [ 46%]
tests/sandbox_sidecar/test_app.py::test_execute_with_all_fields PASSED   [ 46%]
tests/secrets/test_data_protection.py::test_encrypted_field_round_trips_plaintext PASSED [ 46%]
tests/secrets/test_data_protection.py::test_checkpoints_do_not_persist_raw_secret_values FAILED [ 46%]
tests/secrets/test_data_protection.py::test_audit_records_do_not_contain_raw_secret_values_at_rest FAILED [ 47%]
tests/secrets/test_provider.py::test_env_secret_provider_resolves_refs_from_environment PASSED [ 47%]
tests/secrets/test_provider.py::test_secret_resolver_replaces_secret_refs_with_values PASSED [ 47%]
tests/secrets/test_provider.py::test_secret_resolver_raises_for_missing_secret_refs PASSED [ 47%]
tests/secrets/test_provider.py::test_secret_redactor_masks_known_values_in_dicts_and_strings PASSED [ 47%]
tests/service/test_admin_api.py::test_list_admin_runs_requires_admin_role PASSED [ 47%]
tests/service/test_admin_api.py::test_list_admin_runs_returns_runs PASSED [ 47%]
tests/service/test_admin_api.py::test_cancel_run_requires_admin_role PASSED [ 48%]
tests/service/test_admin_api.py::test_cancel_run_transitions_to_failed PASSED [ 48%]
tests/service/test_admin_api.py::test_cancel_run_clears_active_lease PASSED [ 48%]
tests/service/test_admin_api.py::test_cancel_run_404_for_unknown_run PASSED [ 48%]
tests/service/test_admin_api.py::test_replay_run_requires_admin_role PASSED [ 48%]
tests/service/test_admin_api.py::test_replay_dead_letter_run_requeues PASSED [ 48%]
tests/service/test_admin_api.py::test_replay_non_failed_run_returns_conflict PASSED [ 49%]
tests/service/test_admin_api.py::test_list_admin_runs_filters_by_status PASSED [ 49%]
tests/service/test_admin_api.py::test_admin_routes_hide_service_from_foreign_tenant_admin PASSED [ 49%]
tests/service/test_admin_api.py::test_interrupt_run_returns_waiting_interrupt_status PASSED [ 49%]
tests/service/test_app.py::test_bootstrap_service_loads_valid_deployment PASSED [ 49%]
tests/service/test_app.py::test_bootstrap_service_accepts_injected_runners PASSED [ 49%]
tests/service/test_app.py::test_bootstrap_app_forwards_injected_runners PASSED [ 49%]
tests/service/test_app.py::test_bootstrap_service_fails_for_missing_deployment PASSED [ 50%]
tests/service/test_app.py::test_bootstrap_service_rejects_mismatched_graph_snapshot PASSED [ 50%]
tests/service/test_app.py::test_health_endpoint_returns_success PASSED   [ 50%]
tests/service/test_approval_api.py::test_approval_api_queries_pending_approvals_by_id_run_thread_and_scope PASSED [ 50%]
tests/service/test_approval_api.py::test_approval_api_resolves_all_decisions_and_resumes_when_appropriate[approve-None-succeeded-expected_output0] FAILED [ 50%]
tests/service/test_approval_api.py::test_approval_api_resolves_all_decisions_and_resumes_when_appropriate[reject-None-failed-None] PASSED [ 50%]
tests/service/test_approval_api.py::test_approval_api_resolves_all_decisions_and_resumes_when_appropriate[edit_and_approve-edited_payload2-succeeded-expected_output2] FAILED [ 50%]
tests/service/test_approval_api.py::test_approval_api_duplicate_resolution_is_idempotent FAILED [ 51%]
tests/service/test_audit_api.py::test_run_and_deployment_metadata_expose_phase7_discoverability_refs PASSED [ 51%]
tests/service/test_audit_api.py::test_audit_api_lists_deployment_audits_with_redaction PASSED [ 51%]
tests/service/test_audit_api.py::test_audit_api_exposes_run_and_deployment_timelines_in_order PASSED [ 51%]
tests/service/test_auth_api.py::test_service_health_bypasses_authentication PASSED [ 51%]
tests/service/test_auth_api.py::test_service_health_accepts_api_key_authentication PASSED [ 51%]
tests/service/test_auth_api.py::test_approval_resolution_uses_authenticated_principal PASSED [ 52%]
tests/service/test_bearer_auth.py::test_health_accepts_valid_bearer_token PASSED [ 52%]
tests/service/test_bearer_auth.py::test_health_bypasses_auth_even_with_bad_bearer_token PASSED [ 52%]
tests/service/test_bearer_auth.py::test_runs_rejects_bearer_token_with_wrong_issuer PASSED [ 52%]
tests/service/test_bearer_auth.py::test_runs_rejects_bearer_token_with_wrong_audience PASSED [ 52%]
tests/service/test_bearer_auth.py::test_runs_rejects_bearer_token_with_wrong_signature PASSED [ 52%]
tests/service/test_contract_api.py::test_input_contract_endpoint_returns_deployed_contract_version PASSED [ 52%]
tests/service/test_contract_api.py::test_output_contract_endpoint_returns_deployed_contract_version PASSED [ 53%]
tests/service/test_contract_api.py::test_result_error_state_schema_endpoint_exposes_output_contract_and_error_schema PASSED [ 53%]
tests/service/test_contract_api.py::test_deployment_metadata_endpoint_returns_version_snapshot PASSED [ 53%]
tests/service/test_contract_api.py::test_schema_serialization_round_trip PASSED [ 53%]
tests/service/test_contract_api.py::test_contract_endpoints_use_deployed_contract_versions PASSED [ 53%]
tests/service/test_contract_api.py::test_contract_endpoints_fail_closed_for_legacy_unpinned_deployment PASSED [ 53%]
tests/service/test_contract_api.py::test_contract_endpoint_returns_404_for_unknown_deployment PASSED [ 54%]
tests/service/test_durable_dispatch.py::test_worker_picks_up_pending_run PASSED [ 54%]
tests/service/test_durable_dispatch.py::test_run_with_no_agent_runner_does_not_crash_worker PASSED [ 54%]
tests/service/test_durable_dispatch.py::test_lease_prevents_double_claim PASSED [ 54%]
tests/service/test_e2e_phase4.py::test_phase4_end_to_end_deploy_invoke_resume_thread_and_rollback FAILED [ 54%]
tests/service/test_e2e_phase5.py::test_phase5_linear_graph_runs_agent_to_eu_to_agent_via_api FAILED [ 54%]
tests/service/test_e2e_phase5.py::test_phase5_cyclic_graph_stops_at_loop_guard_via_api FAILED [ 54%]
tests/service/test_e2e_phase5.py::test_phase5_conditional_branching_fans_out_via_api FAILED [ 55%]
tests/service/test_e2e_phase5.py::test_phase5_approval_pause_and_resume_via_api FAILED [ 55%]
tests/service/test_e2e_phase5.py::test_phase5_thread_continuity_across_runs_via_api FAILED [ 55%]
tests/service/test_e2e_phase5.py::test_phase5_shared_memory_connector_between_agents_via_api FAILED [ 55%]
tests/service/test_e2e_phase5.py::test_phase5_deploy_and_invoke_via_service_wrapper_api FAILED [ 55%]
tests/service/test_e2e_phase5.py::test_phase5_policy_violation_fails_execution_and_records_audit PASSED [ 55%]
tests/service/test_evidence_api.py::test_run_and_deployment_evidence_bundles_include_governance_lineage PASSED [ 55%]
tests/service/test_evidence_api.py::test_deployment_attestation_verification_detects_snapshot_tampering PASSED [ 56%]
tests/service/test_guardrails_api.py::test_rate_limit_returns_429_when_bucket_exhausted PASSED [ 56%]
tests/service/test_guardrails_api.py::test_backpressure_returns_503_when_queue_too_deep PASSED [ 56%]
tests/service/test_guardrails_api.py::test_quota_returns_503_when_daily_limit_exceeded PASSED [ 56%]
tests/service/test_metrics_endpoint.py::test_metrics_returns_200_with_prometheus_content_type PASSED [ 56%]
tests/service/test_metrics_endpoint.py::test_metrics_contains_queue_depth_gauge PASSED [ 56%]
tests/service/test_metrics_endpoint.py::test_metrics_counter_increments_are_visible PASSED [ 57%]
tests/service/test_metrics_endpoint.py::test_metrics_requires_metrics_permission PASSED [ 57%]
tests/service/test_metrics_endpoint.py::test_metrics_hides_service_from_foreign_tenant_admin PASSED [ 57%]
tests/service/test_rbac_api.py::test_reviewer_cannot_create_runs PASSED  [ 57%]
tests/service/test_rbac_api.py::test_operator_cannot_resolve_approvals PASSED [ 57%]
tests/service/test_rbac_api.py::test_admin_can_read_deployment_metadata PASSED [ 57%]
tests/service/test_run_api.py::test_run_creation_accepts_input_and_supplied_thread_id FAILED [ 57%]
tests/service/test_run_api.py::test_run_creation_without_thread_id_returns_new_thread_linkage FAILED [ 58%]
tests/service/test_run_api.py::test_run_creation_rejects_invalid_input PASSED [ 58%]
tests/service/test_run_api.py::test_run_creation_validates_against_deployed_input_contract_version FAILED [ 58%]
tests/service/test_run_api.py::test_run_creation_rejects_foreign_thread_id PASSED [ 58%]
tests/service/test_run_api.py::test_run_status_reports_running_and_completed_state FAILED [ 58%]
tests/service/test_run_api.py::test_run_status_returns_404_for_unknown_run PASSED [ 58%]
tests/service/test_run_api.py::test_run_status_does_not_expose_runs_from_other_deployments PASSED [ 59%]
tests/service/test_run_api.py::test_run_status_does_not_expose_runs_from_other_deployment_versions PASSED [ 59%]
tests/service/test_run_api.py::test_run_status_reports_failed_state FAILED [ 59%]
tests/service/test_run_api.py::test_run_creation_returns_404_when_pinned_input_contract_is_missing PASSED [ 59%]
tests/service/test_run_api.py::test_run_status_reports_approval_paused_state PASSED [ 59%]
tests/service/test_run_api.py::test_run_status_reports_policy_and_loop_guard_termination PASSED [ 59%]
tests/service/test_run_api.py::test_run_api_models_validate_expected_shapes PASSED [ 59%]
tests/service/test_tenant_isolation.py::test_cross_tenant_run_read_returns_not_found_and_audits_denial PASSED [ 60%]
tests/service/test_tenant_isolation.py::test_cross_tenant_approval_resolution_is_hidden PASSED [ 60%]
tests/service/test_thread_api.py::test_thread_api_creates_new_thread_when_thread_id_is_omitted FAILED [ 60%]
tests/service/test_thread_api.py::test_thread_api_continues_existing_thread_for_same_deployment_snapshot FAILED [ 60%]
tests/service/test_thread_api.py::test_thread_api_accepts_new_explicit_thread_id_as_fresh_context PASSED [ 60%]
tests/service/test_thread_api.py::test_thread_api_rejects_thread_from_other_deployment PASSED [ 60%]
tests/service/test_thread_api.py::test_thread_api_rejects_thread_from_other_deployment_version PASSED [ 60%]
tests/service/test_thread_api.py::test_thread_api_keeps_thread_linkage_visible_in_run_state_and_audits FAILED [ 61%]
tests/storage/test_json.py::test_to_json_value_round_trips_model PASSED  [ 61%]
tests/storage/test_json.py::test_load_model_round_trips_structured_payload PASSED [ 61%]
tests/storage/test_json.py::test_load_typed_value_supports_generic_annotations PASSED [ 61%]
tests/storage/test_redis.py::test_local_redis_config_builds_default_url PASSED [ 61%]
tests/storage/test_redis.py::test_remote_redis_config_masks_credentials PASSED [ 61%]
tests/storage/test_redis.py::test_docker_redis_config_uses_provisioned_container_host PASSED [ 62%]
tests/storage/test_redis.py::test_docker_redis_config_raises_when_container_is_required_but_missing PASSED [ 62%]
tests/storage/test_redis.py::test_redis_config_from_env PASSED           [ 62%]
tests/storage/test_redis.py::test_build_governai_redis_runtime_uses_resolved_prefixes PASSED [ 62%]
tests/storage/test_sqlite.py::test_apply_migrations_updates_schema_version PASSED [ 62%]
tests/storage/test_sqlite.py::test_apply_migrations_is_idempotent PASSED [ 62%]
tests/storage/test_sqlite.py::test_apply_migrations_requires_contiguous_versions PASSED [ 62%]
tests/test_api_versioning.py::test_v1_runs_route_exists PASSED           [ 63%]
tests/test_api_versioning.py::test_v1_approvals_route_exists PASSED      [ 63%]
tests/test_api_versioning.py::test_unversioned_runs_still_works PASSED   [ 63%]
tests/test_api_versioning.py::test_v1_routes_registered PASSED           [ 63%]
tests/test_api_versioning.py::test_compat_routes_excluded_from_schema PASSED [ 63%]
tests/test_api_versioning.py::test_health_still_at_root PASSED           [ 63%]
tests/test_api_versioning.py::test_openapi_metadata PASSED               [ 63%]
tests/test_approval_sla.py::TestApprovalRepositoryListOverdue::test_returns_pending_past_deadline PASSED [ 64%]
tests/test_approval_sla.py::TestApprovalRepositoryListOverdue::test_excludes_resolved PASSED [ 64%]
tests/test_approval_sla.py::TestApprovalRepositoryListOverdue::test_excludes_escalated PASSED [ 64%]
tests/test_approval_sla.py::TestApprovalRepositoryListOverdue::test_excludes_no_sla_deadline PASSED [ 64%]
tests/test_approval_sla.py::TestApprovalRepositoryListOverdue::test_excludes_future_deadline PASSED [ 64%]
tests/test_approval_sla.py::TestApprovalServiceCreatePendingSLA::test_sla_timeout_sets_deadline PASSED [ 64%]
tests/test_approval_sla.py::TestApprovalServiceCreatePendingSLA::test_no_sla_timeout_leaves_none PASSED [ 65%]
tests/test_approval_sla.py::TestApprovalServiceCreatePendingSLA::test_delegate_identity_stored_in_urgency PASSED [ 65%]
tests/test_approval_sla.py::TestApprovalServiceEscalate::test_delegate_creates_new_record PASSED [ 65%]
tests/test_approval_sla.py::TestApprovalServiceEscalate::test_auto_reject_resolves_as_rejected PASSED [ 65%]
tests/test_approval_sla.py::TestApprovalServiceEscalate::test_alert_marks_escalated PASSED [ 65%]
tests/test_approval_sla.py::TestApprovalServiceEscalate::test_already_escalated_is_noop PASSED [ 65%]
tests/test_approval_sla.py::TestApprovalSLAChecker::test_poll_loop_escalates_overdue PASSED [ 65%]
tests/test_approval_sla.py::TestApprovalSLAChecker::test_emits_webhook_event PASSED [ 66%]
tests/test_async_database.py::TestAsyncSQLiteDatabase::test_async_sqlite_transaction_commit PASSED [ 66%]
tests/test_async_database.py::TestAsyncSQLiteDatabase::test_async_sqlite_transaction_rollback PASSED [ 66%]
tests/test_async_database.py::TestAsyncSQLiteDatabase::test_async_sqlite_fetch_one_returns_none_for_missing PASSED [ 66%]
tests/test_async_database.py::TestAsyncSQLiteDatabase::test_async_sqlite_fetch_all_returns_empty_list PASSED [ 66%]
tests/test_async_database.py::TestDatabaseFactory::test_factory_creates_sqlite_by_default PASSED [ 66%]
tests/test_async_database.py::TestPlaceholderConversion::test_placeholder_conversion PASSED [ 67%]
tests/test_async_database.py::TestPlaceholderConversion::test_no_placeholders_unchanged PASSED [ 67%]
tests/test_async_database.py::TestProtocolCompliance::test_async_sqlite_is_async_database PASSED [ 67%]
tests/test_config.py::TestDefaultSettings::test_default_settings_loads PASSED [ 67%]
tests/test_config.py::TestDefaultSettings::test_database_backend_default_is_sqlite PASSED [ 67%]
tests/test_config.py::TestDefaultSettings::test_redis_settings_absorbs_existing_fields PASSED [ 67%]
tests/test_config.py::TestEnvVarOverrides::test_env_var_override PASSED  [ 67%]
tests/test_config.py::TestEnvVarOverrides::test_nested_env_delimiter PASSED [ 68%]
tests/test_cost_api.py::TestTenantCostEndpoint::test_returns_tenant_cost_from_regulus PASSED [ 68%]
tests/test_cost_api.py::TestTenantCostEndpoint::test_returns_503_when_regulus_unreachable PASSED [ 68%]
tests/test_cost_api.py::TestTenantCostEndpoint::test_returns_503_when_regulus_not_configured PASSED [ 68%]
tests/test_cost_api.py::TestDeploymentCostEndpoint::test_returns_deployment_cost_from_regulus PASSED [ 68%]
tests/test_cost_api.py::TestDeploymentCostEndpoint::test_returns_503_when_regulus_unreachable PASSED [ 68%]
tests/test_cost_api.py::TestDeploymentCostEndpoint::test_returns_503_when_regulus_not_configured PASSED [ 68%]
tests/test_econ_adapter.py::test_adapter_enriches_response_with_cost PASSED [ 69%]
tests/test_econ_adapter.py::test_adapter_calls_track_execution_with_correct_event PASSED [ 69%]
tests/test_econ_adapter.py::test_adapter_no_token_usage_defaults_to_zero PASSED [ 69%]
tests/test_econ_adapter.py::test_adapter_cost_estimator_error_defaults_to_zero PASSED [ 69%]
tests/test_econ_adapter.py::test_adapter_satisfies_provider_adapter_protocol PASSED [ 69%]
tests/test_econ_adapter.py::test_runner_copies_cost_fields_to_audit_record PASSED [ 69%]
tests/test_econ_budget.py::test_check_budget_under_budget PASSED         [ 70%]
tests/test_econ_budget.py::test_check_budget_over_budget PASSED          [ 70%]
tests/test_econ_budget.py::test_check_budget_cache_hit PASSED            [ 70%]
tests/test_econ_budget.py::test_check_budget_fail_open_connection_error PASSED [ 70%]
tests/test_econ_budget.py::test_check_budget_fail_open_timeout PASSED    [ 70%]
tests/test_econ_budget.py::test_budget_exceeded_error_attributes PASSED  [ 70%]
tests/test_econ_budget.py::test_runner_no_budget_enforcer_runs_normally PASSED [ 70%]
tests/test_econ_budget.py::test_runner_allowed_budget_runs_normally PASSED [ 71%]
tests/test_econ_budget.py::test_runner_over_budget_raises_before_provider_call PASSED [ 71%]
tests/test_econ_models.py::test_regulus_settings_defaults PASSED         [ 71%]
tests/test_econ_models.py::test_regulus_settings_accessible_via_zeroth_settings PASSED [ 71%]
tests/test_econ_models.py::test_cost_estimator_known_model PASSED        [ 71%]
tests/test_econ_models.py::test_cost_estimator_unknown_model PASSED      [ 71%]
tests/test_econ_models.py::test_regulus_client_delegates_to_instrumentation_client PASSED [ 72%]
tests/test_econ_models.py::test_provider_response_accepts_cost_fields PASSED [ 72%]
tests/test_econ_models.py::test_node_audit_record_accepts_cost_fields PASSED [ 72%]
tests/test_health_probes.py::test_check_database_ok PASSED               [ 72%]
tests/test_health_probes.py::test_check_database_error PASSED            [ 72%]
tests/test_health_probes.py::test_check_redis_ok PASSED                  [ 72%]
tests/test_health_probes.py::test_check_redis_error PASSED               [ 72%]
tests/test_health_probes.py::test_check_regulus_ok PASSED                [ 73%]
tests/test_health_probes.py::test_check_regulus_unavailable_when_not_configured PASSED [ 73%]
tests/test_health_probes.py::test_check_regulus_unavailable_on_error PASSED [ 73%]
tests/test_health_probes.py::test_readiness_ok_when_all_healthy PASSED   [ 73%]
tests/test_health_probes.py::test_readiness_unhealthy_when_db_down PASSED [ 73%]
tests/test_health_probes.py::test_readiness_degraded_when_regulus_down PASSED [ 73%]
tests/test_health_probes.py::test_liveness_always_ok PASSED              [ 73%]
tests/test_health_probes.py::test_tls_settings_defaults_to_none PASSED   [ 74%]
tests/test_health_probes.py::test_tls_settings_with_values PASSED        [ 74%]
tests/test_health_probes.py::test_health_paths_bypass_auth PASSED        [ 74%]
tests/test_health_probes.py::test_register_health_routes_adds_endpoints PASSED [ 74%]
tests/test_health_probes.py::test_liveness_endpoint_returns_ok PASSED    [ 74%]
tests/test_litellm_adapter.py::test_ainvoke_returns_content PASSED       [ 74%]
tests/test_litellm_adapter.py::test_ainvoke_extracts_token_usage PASSED  [ 75%]
tests/test_litellm_adapter.py::test_ainvoke_handles_no_usage_metadata PASSED [ 75%]
tests/test_litellm_adapter.py::test_ainvoke_converts_prompt_messages PASSED [ 75%]
tests/test_litellm_adapter.py::test_ainvoke_metadata_includes_provider PASSED [ 75%]
tests/test_litellm_adapter.py::test_ainvoke_fallback_response_metadata PASSED [ 75%]
tests/test_litellm_adapter_forwarding.py::TestLiteLLMAdapterForwarding::test_tools_forwarded PASSED [ 75%]
tests/test_litellm_adapter_forwarding.py::TestLiteLLMAdapterForwarding::test_tool_choice_forwarded PASSED [ 75%]
tests/test_litellm_adapter_forwarding.py::TestLiteLLMAdapterForwarding::test_response_format_forwarded_legacy PASSED [ 76%]
tests/test_litellm_adapter_forwarding.py::TestLiteLLMAdapterForwarding::test_output_model_uses_with_structured_output PASSED [ 76%]
tests/test_litellm_adapter_forwarding.py::TestLiteLLMAdapterForwarding::test_model_params_temperature_max_tokens PASSED [ 76%]
tests/test_litellm_adapter_forwarding.py::TestLiteLLMAdapterForwarding::test_model_params_top_p_stop_seed PASSED [ 76%]
tests/test_litellm_adapter_forwarding.py::TestLiteLLMAdapterForwarding::test_no_new_fields_no_extra_kwargs PASSED [ 76%]
tests/test_litellm_adapter_forwarding.py::TestLiteLLMAdapterForwarding::test_empty_model_params_no_kwargs PASSED [ 76%]
tests/test_mcp_integration.py::TestMCPServerConfig::test_create_with_all_fields PASSED [ 77%]
tests/test_mcp_integration.py::TestMCPServerConfig::test_defaults PASSED [ 77%]
tests/test_mcp_integration.py::TestMCPServerConfig::test_extra_fields_forbidden PASSED [ 77%]
tests/test_mcp_integration.py::TestMCPClientManagerInit::test_stores_configs PASSED [ 77%]
tests/test_mcp_integration.py::TestMCPClientManagerInit::test_empty_configs PASSED [ 77%]
tests/test_mcp_integration.py::TestMCPClientManagerStart::test_start_discovers_tools PASSED [ 77%]
tests/test_mcp_integration.py::TestMCPClientManagerStart::test_tool_name_collision_namespacing PASSED [ 77%]
tests/test_mcp_integration.py::TestMCPClientManagerCallTool::test_call_tool_routes_to_correct_session PASSED [ 78%]
tests/test_mcp_integration.py::TestMCPClientManagerCallTool::test_call_tool_namespaced_extracts_original_name PASSED [ 78%]
tests/test_mcp_integration.py::TestMCPClientManagerCallTool::test_call_tool_unknown_raises_key_error PASSED [ 78%]
tests/test_mcp_integration.py::TestMCPClientManagerStop::test_stop_closes_exit_stack PASSED [ 78%]
tests/test_postgres_backend.py::TestGraphRepositoryDualBackend::test_save_and_get_graph[sqlite] PASSED [ 78%]
tests/test_postgres_backend.py::TestGraphRepositoryDualBackend::test_save_and_get_graph[postgres] PASSED [ 78%]
tests/test_postgres_backend.py::TestGraphRepositoryDualBackend::test_save_and_get_graph[postgres] ERROR [ 78%]
tests/test_postgres_backend.py::TestGraphRepositoryDualBackend::test_publish_graph[sqlite] PASSED [ 78%]
tests/test_postgres_backend.py::TestGraphRepositoryDualBackend::test_publish_graph[postgres] PASSED [ 79%]
tests/test_postgres_backend.py::TestGraphRepositoryDualBackend::test_publish_graph[postgres] ERROR [ 79%]
tests/test_postgres_backend.py::TestRunRepositoryDualBackend::test_put_and_get_run[sqlite] PASSED [ 79%]
tests/test_postgres_backend.py::TestRunRepositoryDualBackend::test_put_and_get_run[postgres] PASSED [ 79%]
tests/test_postgres_backend.py::TestRunRepositoryDualBackend::test_put_and_get_run[postgres] ERROR [ 79%]
tests/test_postgres_backend.py::TestRunRepositoryDualBackend::test_count_pending[sqlite] PASSED [ 79%]
tests/test_postgres_backend.py::TestRunRepositoryDualBackend::test_count_pending[postgres] PASSED [ 79%]
tests/test_postgres_backend.py::TestRunRepositoryDualBackend::test_count_pending[postgres] ERROR [ 79%]
tests/test_postgres_backend.py::TestDatabaseFactory::test_factory_creates_sqlite PASSED [ 79%]
tests/test_postgres_backend.py::TestDatabaseFactory::test_factory_creates_postgres FAILED [ 80%]
tests/test_postgres_backend.py::TestAlembicMigrations::test_migrations_run_on_postgres PASSED [ 80%]
tests/test_postgres_backend.py::TestAlembicMigrations::test_migrations_run_on_sqlite PASSED [ 80%]
tests/test_provider_request_extensions.py::TestProviderRequestBackwardCompat::test_no_new_fields PASSED [ 80%]
tests/test_provider_request_extensions.py::TestProviderRequestNewFields::test_tools_accepted PASSED [ 80%]
tests/test_provider_request_extensions.py::TestProviderRequestNewFields::test_tool_choice_accepted PASSED [ 80%]
tests/test_provider_request_extensions.py::TestProviderRequestNewFields::test_response_format_accepted PASSED [ 80%]
tests/test_provider_request_extensions.py::TestProviderRequestNewFields::test_model_params_accepted PASSED [ 81%]
tests/test_provider_request_extensions.py::TestProviderRequestNewFields::test_output_model_accepted PASSED [ 81%]
tests/test_provider_request_extensions.py::TestModelParams::test_valid_instance PASSED [ 81%]
tests/test_provider_request_extensions.py::TestModelParams::test_all_none_defaults PASSED [ 81%]
tests/test_provider_request_extensions.py::TestToolAttachmentManifestExtensions::test_description_and_parameters_schema_accepted PASSED [ 81%]
tests/test_provider_request_extensions.py::TestToolAttachmentManifestExtensions::test_to_openai_tool PASSED [ 81%]
tests/test_provider_request_extensions.py::TestToolAttachmentManifestExtensions::test_backward_compat_no_description_no_schema PASSED [ 81%]
tests/test_provider_request_extensions.py::TestAgentConfigExtensions::test_model_params_accepted PASSED [ 82%]
tests/test_provider_request_extensions.py::TestAgentConfigExtensions::test_backward_compat_no_model_params PASSED [ 82%]
tests/test_provider_request_extensions.py::TestAgentNodeDataExtensions::test_model_params_accepted PASSED [ 82%]
tests/test_provider_request_extensions.py::TestAgentNodeDataExtensions::test_mcp_servers_accepted PASSED [ 82%]
tests/test_retry_backoff.py::TestIsRetryableProviderError::test_rate_limit_error_is_retryable PASSED [ 82%]
tests/test_retry_backoff.py::TestIsRetryableProviderError::test_service_unavailable_is_retryable PASSED [ 82%]
tests/test_retry_backoff.py::TestIsRetryableProviderError::test_timeout_is_retryable PASSED [ 83%]
tests/test_retry_backoff.py::TestIsRetryableProviderError::test_internal_server_error_is_retryable PASSED [ 83%]
tests/test_retry_backoff.py::TestIsRetryableProviderError::test_authentication_error_is_not_retryable PASSED [ 83%]
tests/test_retry_backoff.py::TestIsRetryableProviderError::test_bad_request_error_is_not_retryable PASSED [ 83%]
tests/test_retry_backoff.py::TestIsRetryableProviderError::test_generic_exception_is_not_retryable PASSED [ 83%]
tests/test_retry_backoff.py::TestComputeBackoffDelay::test_first_retry_uses_base_delay PASSED [ 83%]
tests/test_retry_backoff.py::TestComputeBackoffDelay::test_second_retry_doubles PASSED [ 83%]
tests/test_retry_backoff.py::TestComputeBackoffDelay::test_third_retry_quadruples PASSED [ 84%]
tests/test_retry_backoff.py::TestComputeBackoffDelay::test_delay_capped_at_max PASSED [ 84%]
tests/test_retry_backoff.py::TestComputeBackoffDelay::test_jitter_produces_value_in_range PASSED [ 84%]
tests/test_retry_backoff.py::TestComputeBackoffDelay::test_attempt_1_returns_zero PASSED [ 84%]
tests/test_runner_api_parity.py::TestBuildResponseFormat::test_returns_none_for_bare_base_model PASSED [ 84%]
tests/test_runner_api_parity.py::TestBuildResponseFormat::test_returns_none_for_empty_model PASSED [ 84%]
tests/test_runner_api_parity.py::TestBuildResponseFormat::test_returns_json_schema_for_custom_model PASSED [ 85%]
tests/test_runner_api_parity.py::test_runner_threads_tool_attachments_to_provider_request PASSED [ 85%]
tests/test_runner_api_parity.py::test_runner_threads_output_model_from_config PASSED [ 85%]
tests/test_runner_api_parity.py::test_runner_threads_model_params PASSED [ 85%]
tests/test_runner_api_parity.py::test_runner_backward_compat_no_tool_attachments_or_model_params PASSED [ 85%]
tests/test_runner_api_parity.py::test_resolve_tool_calls_also_includes_new_fields PASSED [ 85%]
tests/test_runner_mcp_wiring.py::TestAgentConfigMCPServers::test_default_empty_list PASSED [ 85%]
tests/test_runner_mcp_wiring.py::TestAgentConfigMCPServers::test_accepts_mcp_server_configs PASSED [ 86%]
tests/test_runner_mcp_wiring.py::TestAgentRunnerMCPWiring::test_no_mcp_manager_without_servers PASSED [ 86%]
tests/test_runner_mcp_wiring.py::TestAgentRunnerMCPWiring::test_run_without_mcp_works_normally PASSED [ 86%]
tests/test_runner_mcp_wiring.py::TestAgentRunnerMCPWiring::test_start_mcp_servers_discovers_and_registers_tools PASSED [ 86%]
tests/test_runner_mcp_wiring.py::TestAgentRunnerMCPWiring::test_stop_mcp_servers_cleans_up PASSED [ 86%]
tests/test_runner_mcp_wiring.py::TestAgentRunnerMCPWiring::test_stop_mcp_servers_noop_when_none PASSED [ 86%]
tests/test_runner_mcp_wiring.py::TestAgentRunnerMCPWiring::test_mcp_cleanup_on_error PASSED [ 86%]
tests/test_runner_mcp_wiring.py::TestAgentRunnerMCPWiring::test_mcp_tool_call_routes_through_manager PASSED [ 87%]
tests/test_runner_mcp_wiring.py::TestAgentRunnerMCPWiring::test_non_mcp_tool_call_uses_executor PASSED [ 87%]
tests/test_smoke.py::test_import PASSED                                  [ 87%]
tests/test_studio_api.py::TestCreateWorkflow::test_create_workflow PASSED [ 87%]
tests/test_studio_api.py::TestCreateWorkflow::test_create_workflow_empty_name_rejected PASSED [ 87%]
tests/test_studio_api.py::TestListWorkflows::test_list_workflows PASSED  [ 87%]
tests/test_studio_api.py::TestGetWorkflow::test_get_workflow PASSED      [ 88%]
tests/test_studio_api.py::TestGetWorkflow::test_get_workflow_not_found PASSED [ 88%]
tests/test_studio_api.py::TestUpdateWorkflow::test_update_workflow_name PASSED [ 88%]
tests/test_studio_api.py::TestUpdateWorkflow::test_update_workflow_not_found PASSED [ 88%]
tests/test_studio_api.py::TestDeleteWorkflow::test_delete_workflow PASSED [ 88%]
tests/test_studio_api.py::TestDeleteWorkflow::test_delete_workflow_not_found PASSED [ 88%]
tests/test_studio_api.py::TestListNodeTypes::test_list_node_types PASSED [ 88%]
tests/test_webhook_api.py::TestCreateSubscription::test_creates_subscription PASSED [ 89%]
tests/test_webhook_api.py::TestListSubscriptions::test_lists_subscriptions PASSED [ 89%]
tests/test_webhook_api.py::TestListSubscriptions::test_filters_by_deployment_ref PASSED [ 89%]
tests/test_webhook_api.py::TestGetSubscription::test_returns_subscription PASSED [ 89%]
tests/test_webhook_api.py::TestGetSubscription::test_404_when_not_found PASSED [ 89%]
tests/test_webhook_api.py::TestDeactivateSubscription::test_deactivates_subscription PASSED [ 89%]
tests/test_webhook_api.py::TestListDeadLetters::test_lists_dead_letters PASSED [ 90%]
tests/test_webhook_api.py::TestReplayDeadLetter::test_replays_dead_letter PASSED [ 90%]
tests/test_webhook_api.py::TestReplayDeadLetter::test_404_when_not_found PASSED [ 90%]
tests/test_webhook_api.py::TestPermissionEnforcement::test_operator_cannot_access_webhooks PASSED [ 90%]
tests/test_webhook_delivery.py::TestDeliver::test_successful_delivery_marks_delivered PASSED [ 90%]
tests/test_webhook_delivery.py::TestDeliver::test_signature_header_format PASSED [ 90%]
tests/test_webhook_delivery.py::TestDeliver::test_500_response_calls_mark_failed PASSED [ 90%]
tests/test_webhook_delivery.py::TestDeliver::test_max_retries_exhausted_dead_letters PASSED [ 91%]
tests/test_webhook_delivery.py::TestDeliver::test_timeout_calls_mark_failed PASSED [ 91%]
tests/test_webhook_delivery.py::TestPollLoop::test_sleeps_when_no_pending PASSED [ 91%]
tests/test_webhook_delivery.py::TestNextRetryDelay::test_delay_within_bounds PASSED [ 91%]
tests/test_webhook_delivery.py::TestNextRetryDelay::test_max_delay_cap PASSED [ 91%]
tests/test_webhook_delivery.py::TestNextRetryDelay::test_zero_attempt PASSED [ 91%]
tests/test_webhook_event_emission.py::TestOrchestratorWebhookEmission::test_emits_run_completed PASSED [ 91%]
tests/test_webhook_event_emission.py::TestOrchestratorWebhookEmission::test_emits_run_failed PASSED [ 92%]
tests/test_webhook_event_emission.py::TestOrchestratorWebhookEmission::test_no_webhook_service_no_error PASSED [ 92%]
tests/test_webhook_event_emission.py::TestApprovalWebhookEmission::test_approval_created_emits_event PASSED [ 92%]
tests/test_webhook_event_emission.py::TestApprovalWebhookEmission::test_approval_resolved_emits_event PASSED [ 92%]
tests/test_webhook_event_emission.py::TestServiceBootstrapWebhookWiring::test_bootstrap_has_webhook_fields PASSED [ 92%]
tests/test_webhook_models.py::TestWebhookEventType::test_event_types PASSED [ 92%]
tests/test_webhook_models.py::TestDeliveryStatus::test_delivery_status_values PASSED [ 93%]
tests/test_webhook_models.py::TestEscalationAction::test_escalation_action_values PASSED [ 93%]
tests/test_webhook_models.py::TestWebhookSubscription::test_instantiation_with_required_fields PASSED [ 93%]
tests/test_webhook_models.py::TestWebhookSubscription::test_auto_generates_subscription_id_and_secret PASSED [ 93%]
tests/test_webhook_models.py::TestWebhookDelivery::test_instantiation_defaults PASSED [ 93%]
tests/test_webhook_models.py::TestWebhookDeadLetter::test_instantiation_from_delivery_fields PASSED [ 93%]
tests/test_webhook_models.py::TestSignPayload::test_returns_hex_string PASSED [ 93%]
tests/test_webhook_models.py::TestSignPayload::test_deterministic PASSED [ 94%]
tests/test_webhook_models.py::TestSignPayload::test_different_secret_different_output PASSED [ 94%]
tests/test_webhook_models.py::TestSignPayload::test_matches_manual_hmac PASSED [ 94%]
tests/test_webhook_models.py::TestApprovalStatusEscalated::test_escalated_value PASSED [ 94%]
tests/test_webhook_models.py::TestApprovalRecordSLAFields::test_sla_fields_default_none PASSED [ 94%]
tests/test_webhook_models.py::TestApprovalRecordSLAFields::test_sla_fields_with_values PASSED [ 94%]
tests/test_webhook_models.py::TestHumanApprovalNodeDataSLA::test_defaults_none PASSED [ 95%]
tests/test_webhook_models.py::TestHumanApprovalNodeDataSLA::test_with_values PASSED [ 95%]
tests/test_webhook_models.py::TestWebhookSettings::test_defaults PASSED  [ 95%]
tests/test_webhook_models.py::TestApprovalSLASettings::test_defaults PASSED [ 95%]
tests/test_webhook_models.py::TestZerothSettingsSubModels::test_has_webhook_and_approval_sla PASSED [ 95%]
tests/test_webhook_repository.py::TestMigration003::test_webhook_subscriptions_table_exists PASSED [ 95%]
tests/test_webhook_repository.py::TestMigration003::test_webhook_deliveries_table_exists PASSED [ 95%]
tests/test_webhook_repository.py::TestMigration003::test_webhook_dead_letters_table_exists PASSED [ 96%]
tests/test_webhook_repository.py::TestMigration003::test_approvals_sla_columns_exist PASSED [ 96%]
tests/test_webhook_repository.py::TestWebhookRepositorySubscriptions::test_create_subscription PASSED [ 96%]
tests/test_webhook_repository.py::TestWebhookRepositorySubscriptions::test_get_subscription_exists PASSED [ 96%]
tests/test_webhook_repository.py::TestWebhookRepositorySubscriptions::test_get_subscription_missing PASSED [ 96%]
tests/test_webhook_repository.py::TestWebhookRepositorySubscriptions::test_list_subscriptions_for_event PASSED [ 96%]
tests/test_webhook_repository.py::TestWebhookRepositorySubscriptions::test_deactivate_subscription PASSED [ 96%]
tests/test_webhook_repository.py::TestWebhookRepositorySubscriptions::test_deactivated_excluded_from_event_list PASSED [ 97%]
tests/test_webhook_repository.py::TestWebhookRepositoryDeliveries::test_enqueue_delivery PASSED [ 97%]
tests/test_webhook_repository.py::TestWebhookRepositoryDeliveries::test_claim_pending_delivery PASSED [ 97%]
tests/test_webhook_repository.py::TestWebhookRepositoryDeliveries::test_claim_returns_none_when_empty PASSED [ 97%]
tests/test_webhook_repository.py::TestWebhookRepositoryDeliveries::test_mark_delivered PASSED [ 97%]
tests/test_webhook_repository.py::TestWebhookRepositoryDeliveries::test_mark_failed_increments_attempt_count PASSED [ 97%]
tests/test_webhook_repository.py::TestWebhookRepositoryDeliveries::test_dead_letter PASSED [ 98%]
tests/test_webhook_repository.py::TestWebhookRepositoryDeadLetters::test_list_dead_letters_ordered_desc PASSED [ 98%]
tests/test_webhook_repository.py::TestWebhookRepositoryDeadLetters::test_get_dead_letter PASSED [ 98%]
tests/test_webhook_repository.py::TestWebhookRepositoryDeadLetters::test_get_dead_letter_missing PASSED [ 98%]
tests/test_webhook_service.py::TestEmitEvent::test_enqueues_delivery_per_matching_subscription PASSED [ 98%]
tests/test_webhook_service.py::TestEmitEvent::test_no_matching_subscriptions_enqueues_nothing PASSED [ 98%]
tests/test_webhook_service.py::TestEmitEvent::test_payload_structure PASSED [ 98%]
tests/test_webhook_service.py::TestEmitEvent::test_inactive_subscriptions_excluded PASSED [ 99%]
tests/test_webhook_service.py::TestSubscriptionManagement::test_create_subscription PASSED [ 99%]
tests/test_webhook_service.py::TestSubscriptionManagement::test_list_subscriptions PASSED [ 99%]
tests/test_webhook_service.py::TestSubscriptionManagement::test_list_subscriptions_filtered PASSED [ 99%]
tests/test_webhook_service.py::TestSubscriptionManagement::test_deactivate_subscription PASSED [ 99%]
tests/test_webhook_service.py::TestReplayDeadLetter::test_replay_creates_new_pending_delivery PASSED [ 99%]
tests/test_webhook_service.py::TestReplayDeadLetter::test_replay_nonexistent_raises_key_error PASSED [100%]

==================================== ERRORS ====================================
_ ERROR at teardown of TestGraphRepositoryDualBackend.test_save_and_get_graph[postgres] _

    def finalizer() -> None:
        """Yield again, to finalize."""
    
        async def async_finalizer() -> None:
            try:
                await gen_obj.__anext__()
            except StopAsyncIteration:
                pass
            else:
                msg = "Async generator fixture didn't stop."
                msg += "Yield only once."
                raise ValueError(msg)
    
>       runner.run(async_finalizer(), context=context)

.venv/lib/python3.12/site-packages/pytest_asyncio/plugin.py:330: 
_ _ _ _ _ _ _ _ _ _ _ _ _ _ _ _ _ _ _ _ _ _ _ _ _ _ _ _ _ _ _ _ _ _ _ _ _ _ _ _ 
../../.local/share/uv/python/cpython-3.12.12-macos-aarch64-none/lib/python3.12/asyncio/runners.py:118: in run
    return self._loop.run_until_complete(task)
           ^^^^^^^^^^^^^^^^^^^^^^^^^^^^^^^^^^^
../../.local/share/uv/python/cpython-3.12.12-macos-aarch64-none/lib/python3.12/asyncio/base_events.py:691: in run_until_complete
    return future.result()
           ^^^^^^^^^^^^^^^
.venv/lib/python3.12/site-packages/pytest_asyncio/plugin.py:322: in async_finalizer
    await gen_obj.__anext__()
tests/conftest.py:128: in dual_database
    await conn.execute(f"TRUNCATE TABLE {table} CASCADE")
_ _ _ _ _ _ _ _ _ _ _ _ _ _ _ _ _ _ _ _ _ _ _ _ _ _ _ _ _ _ _ _ _ _ _ _ _ _ _ _ 

self = <psycopg.AsyncConnection [BAD] at 0x11949bb00>
query = 'TRUNCATE TABLE rate_limit_tokens CASCADE', params = None

    async def execute(
        self,
        query: Query,
        params: Params | None = None,
        *,
        prepare: bool | None = None,
        binary: bool = False,
    ) -> AsyncCursor[Row]:
        """Execute a query and return a cursor to read its results."""
        try:
            cur = self.cursor()
            if binary:
                cur.format = BINARY
    
            if isinstance(query, Template):
                if params is not None:
                    raise TypeError(
                        "'execute()' with string template query"
                        " doesn't support parameters"
                    )
                return await cur.execute(query, prepare=prepare)
            else:
                return await cur.execute(query, params, prepare=prepare)
    
        except e._NO_TRACEBACK as ex:
>           raise ex.with_traceback(None)
E           psycopg.errors.UndefinedTable: relation "rate_limit_tokens" does not exist

.venv/lib/python3.12/site-packages/psycopg/connection_async.py:327: UndefinedTable
_ ERROR at teardown of TestGraphRepositoryDualBackend.test_publish_graph[postgres] _

    def finalizer() -> None:
        """Yield again, to finalize."""
    
        async def async_finalizer() -> None:
            try:
                await gen_obj.__anext__()
            except StopAsyncIteration:
                pass
            else:
                msg = "Async generator fixture didn't stop."
                msg += "Yield only once."
                raise ValueError(msg)
    
>       runner.run(async_finalizer(), context=context)

.venv/lib/python3.12/site-packages/pytest_asyncio/plugin.py:330: 
_ _ _ _ _ _ _ _ _ _ _ _ _ _ _ _ _ _ _ _ _ _ _ _ _ _ _ _ _ _ _ _ _ _ _ _ _ _ _ _ 
../../.local/share/uv/python/cpython-3.12.12-macos-aarch64-none/lib/python3.12/asyncio/runners.py:118: in run
    return self._loop.run_until_complete(task)
           ^^^^^^^^^^^^^^^^^^^^^^^^^^^^^^^^^^^
../../.local/share/uv/python/cpython-3.12.12-macos-aarch64-none/lib/python3.12/asyncio/base_events.py:691: in run_until_complete
    return future.result()
           ^^^^^^^^^^^^^^^
.venv/lib/python3.12/site-packages/pytest_asyncio/plugin.py:322: in async_finalizer
    await gen_obj.__anext__()
tests/conftest.py:128: in dual_database
    await conn.execute(f"TRUNCATE TABLE {table} CASCADE")
_ _ _ _ _ _ _ _ _ _ _ _ _ _ _ _ _ _ _ _ _ _ _ _ _ _ _ _ _ _ _ _ _ _ _ _ _ _ _ _ 

self = <psycopg.AsyncConnection [BAD] at 0x11949a510>
query = 'TRUNCATE TABLE rate_limit_tokens CASCADE', params = None

    async def execute(
        self,
        query: Query,
        params: Params | None = None,
        *,
        prepare: bool | None = None,
        binary: bool = False,
    ) -> AsyncCursor[Row]:
        """Execute a query and return a cursor to read its results."""
        try:
            cur = self.cursor()
            if binary:
                cur.format = BINARY
    
            if isinstance(query, Template):
                if params is not None:
                    raise TypeError(
                        "'execute()' with string template query"
                        " doesn't support parameters"
                    )
                return await cur.execute(query, prepare=prepare)
            else:
                return await cur.execute(query, params, prepare=prepare)
    
        except e._NO_TRACEBACK as ex:
>           raise ex.with_traceback(None)
E           psycopg.errors.UndefinedTable: relation "rate_limit_tokens" does not exist

.venv/lib/python3.12/site-packages/psycopg/connection_async.py:327: UndefinedTable
_ ERROR at teardown of TestRunRepositoryDualBackend.test_put_and_get_run[postgres] _

    def finalizer() -> None:
        """Yield again, to finalize."""
    
        async def async_finalizer() -> None:
            try:
                await gen_obj.__anext__()
            except StopAsyncIteration:
                pass
            else:
                msg = "Async generator fixture didn't stop."
                msg += "Yield only once."
                raise ValueError(msg)
    
>       runner.run(async_finalizer(), context=context)

.venv/lib/python3.12/site-packages/pytest_asyncio/plugin.py:330: 
_ _ _ _ _ _ _ _ _ _ _ _ _ _ _ _ _ _ _ _ _ _ _ _ _ _ _ _ _ _ _ _ _ _ _ _ _ _ _ _ 
../../.local/share/uv/python/cpython-3.12.12-macos-aarch64-none/lib/python3.12/asyncio/runners.py:118: in run
    return self._loop.run_until_complete(task)
           ^^^^^^^^^^^^^^^^^^^^^^^^^^^^^^^^^^^
../../.local/share/uv/python/cpython-3.12.12-macos-aarch64-none/lib/python3.12/asyncio/base_events.py:691: in run_until_complete
    return future.result()
           ^^^^^^^^^^^^^^^
.venv/lib/python3.12/site-packages/pytest_asyncio/plugin.py:322: in async_finalizer
    await gen_obj.__anext__()
tests/conftest.py:128: in dual_database
    await conn.execute(f"TRUNCATE TABLE {table} CASCADE")
_ _ _ _ _ _ _ _ _ _ _ _ _ _ _ _ _ _ _ _ _ _ _ _ _ _ _ _ _ _ _ _ _ _ _ _ _ _ _ _ 

self = <psycopg.AsyncConnection [BAD] at 0x11932e120>
query = 'TRUNCATE TABLE rate_limit_tokens CASCADE', params = None

    async def execute(
        self,
        query: Query,
        params: Params | None = None,
        *,
        prepare: bool | None = None,
        binary: bool = False,
    ) -> AsyncCursor[Row]:
        """Execute a query and return a cursor to read its results."""
        try:
            cur = self.cursor()
            if binary:
                cur.format = BINARY
    
            if isinstance(query, Template):
                if params is not None:
                    raise TypeError(
                        "'execute()' with string template query"
                        " doesn't support parameters"
                    )
                return await cur.execute(query, prepare=prepare)
            else:
                return await cur.execute(query, params, prepare=prepare)
    
        except e._NO_TRACEBACK as ex:
>           raise ex.with_traceback(None)
E           psycopg.errors.UndefinedTable: relation "rate_limit_tokens" does not exist

.venv/lib/python3.12/site-packages/psycopg/connection_async.py:327: UndefinedTable
_ ERROR at teardown of TestRunRepositoryDualBackend.test_count_pending[postgres] _

    def finalizer() -> None:
        """Yield again, to finalize."""
    
        async def async_finalizer() -> None:
            try:
                await gen_obj.__anext__()
            except StopAsyncIteration:
                pass
            else:
                msg = "Async generator fixture didn't stop."
                msg += "Yield only once."
                raise ValueError(msg)
    
>       runner.run(async_finalizer(), context=context)

.venv/lib/python3.12/site-packages/pytest_asyncio/plugin.py:330: 
_ _ _ _ _ _ _ _ _ _ _ _ _ _ _ _ _ _ _ _ _ _ _ _ _ _ _ _ _ _ _ _ _ _ _ _ _ _ _ _ 
../../.local/share/uv/python/cpython-3.12.12-macos-aarch64-none/lib/python3.12/asyncio/runners.py:118: in run
    return self._loop.run_until_complete(task)
           ^^^^^^^^^^^^^^^^^^^^^^^^^^^^^^^^^^^
../../.local/share/uv/python/cpython-3.12.12-macos-aarch64-none/lib/python3.12/asyncio/base_events.py:691: in run_until_complete
    return future.result()
           ^^^^^^^^^^^^^^^
.venv/lib/python3.12/site-packages/pytest_asyncio/plugin.py:322: in async_finalizer
    await gen_obj.__anext__()
tests/conftest.py:128: in dual_database
    await conn.execute(f"TRUNCATE TABLE {table} CASCADE")
_ _ _ _ _ _ _ _ _ _ _ _ _ _ _ _ _ _ _ _ _ _ _ _ _ _ _ _ _ _ _ _ _ _ _ _ _ _ _ _ 

self = <psycopg.AsyncConnection [BAD] at 0x118e96c90>
query = 'TRUNCATE TABLE rate_limit_tokens CASCADE', params = None

    async def execute(
        self,
        query: Query,
        params: Params | None = None,
        *,
        prepare: bool | None = None,
        binary: bool = False,
    ) -> AsyncCursor[Row]:
        """Execute a query and return a cursor to read its results."""
        try:
            cur = self.cursor()
            if binary:
                cur.format = BINARY
    
            if isinstance(query, Template):
                if params is not None:
                    raise TypeError(
                        "'execute()' with string template query"
                        " doesn't support parameters"
                    )
                return await cur.execute(query, prepare=prepare)
            else:
                return await cur.execute(query, params, prepare=prepare)
    
        except e._NO_TRACEBACK as ex:
>           raise ex.with_traceback(None)
E           psycopg.errors.UndefinedTable: relation "rate_limit_tokens" does not exist

.venv/lib/python3.12/site-packages/psycopg/connection_async.py:327: UndefinedTable
=================================== FAILURES ===================================
__________________ test_research_audit_bootstrap_and_api_flow __________________

sqlite_db = <zeroth.storage.async_sqlite.AsyncSQLiteDatabase object at 0x1188b9370>

    async def test_research_audit_bootstrap_and_api_flow(sqlite_db) -> None:
        from live_scenarios.research_audit.bootstrap import bootstrap_research_audit_service
    
        service = await bootstrap_research_audit_service(
            sqlite_db,
            provider_adapters={
                "plan": _planner_provider(requires_research=True),
                "research": ToolThenContentProvider(
                    repo_path=REPO_ROOT,
                    file_path=REPO_ROOT / "src/zeroth/service/bootstrap.py",
                ),
                "review": _review_provider(),
                "finalize": _final_provider(),
            },
            auth_config=default_service_auth_config(),
        )
        app = await bootstrap_app(
            sqlite_db,
            deployment_ref=service.deployment.deployment_ref,
            auth_config=default_service_auth_config(),
        )
        app.state.bootstrap = service
    
        with TestClient(app) as client:
            health = client.get("/health", headers=operator_headers())
            create = client.post(
                "/runs",
                json={"input_payload": {"question": "Find likely bootstrap bugs", "use_web": False}},
                headers=operator_headers(),
            )
            assert create.status_code == 202
            run_id = create.json()["run_id"]
>           completed = _wait_for(client, run_id, "succeeded", headers=operator_headers())
                        ^^^^^^^^^^^^^^^^^^^^^^^^^^^^^^^^^^^^^^^^^^^^^^^^^^^^^^^^^^^^^^^^^^

tests/live_scenarios/test_research_audit.py:204: 
_ _ _ _ _ _ _ _ _ _ _ _ _ _ _ _ _ _ _ _ _ _ _ _ _ _ _ _ _ _ _ _ _ _ _ _ _ _ _ _ 

client = <starlette.testclient.TestClient object at 0x1182fe480>
run_id = 'a1f30097baf147ff8f0e007a541bac4e', status = 'succeeded'

    def _wait_for(
        client: TestClient,
        run_id: str,
        status: str,
        *,
        headers: dict[str, str] | None = None,
        timeout_seconds: float = 5.0,
    ) -> dict[str, Any]:
        import time
    
        deadline = time.monotonic() + timeout_seconds
        while time.monotonic() < deadline:
            payload = client.get(f"/runs/{run_id}", headers=headers).json()
            if payload["status"] == status:
                return payload
            time.sleep(0.05)
>       raise AssertionError(f"timed out waiting for run {run_id} to reach {status!r}")
E       AssertionError: timed out waiting for run a1f30097baf147ff8f0e007a541bac4e to reach 'succeeded'

tests/live_scenarios/test_research_audit.py:36: AssertionError
________________ test_research_audit_approval_pause_and_resume _________________

sqlite_db = <zeroth.storage.async_sqlite.AsyncSQLiteDatabase object at 0x1174a71d0>

    async def test_research_audit_approval_pause_and_resume(sqlite_db) -> None:
        from live_scenarios.research_audit.bootstrap import bootstrap_research_audit_service
    
        service = await bootstrap_research_audit_service(
            sqlite_db,
            provider_adapters={
                "plan": _planner_provider(requires_research=True),
                "research": ToolThenContentProvider(
                    repo_path=REPO_ROOT,
                    file_path=REPO_ROOT / "src/zeroth/service/bootstrap.py",
                ),
                "review": _review_provider(),
[...]
            )
            assert create_response.status_code == 202
            run_id = create_response.json()["run_id"]
>           completed = _wait_for_status(client, run_id, "succeeded", headers=operator_headers())
                        ^^^^^^^^^^^^^^^^^^^^^^^^^^^^^^^^^^^^^^^^^^^^^^^^^^^^^^^^^^^^^^^^^^^^^^^^^

tests/service/test_e2e_phase5.py:806: 
_ _ _ _ _ _ _ _ _ _ _ _ _ _ _ _ _ _ _ _ _ _ _ _ _ _ _ _ _ _ _ _ _ _ _ _ _ _ _ _ 
tests/service/test_e2e_phase5.py:162: in _wait_for_status
    wait_for(lambda: _run_status_payload(client, run_id, headers=headers)["status"] == status)
_ _ _ _ _ _ _ _ _ _ _ _ _ _ _ _ _ _ _ _ _ _ _ _ _ _ _ _ _ _ _ _ _ _ _ _ _ _ _ _ 

predicate = <function _wait_for_status.<locals>.<lambda> at 0x1190687c0>

    def wait_for(predicate, *, timeout: float = 3.0) -> None:
        deadline = time.monotonic() + timeout
        while time.monotonic() < deadline:
            if predicate():
                return
            time.sleep(0.01)
>       raise AssertionError("timed out waiting for condition")
E       AssertionError: timed out waiting for condition

tests/service/helpers.py:337: AssertionError
____________ test_run_creation_accepts_input_and_supplied_thread_id ____________

sqlite_db = <zeroth.storage.async_sqlite.AsyncSQLiteDatabase object at 0x11840a240>

    async def test_run_creation_accepts_input_and_supplied_thread_id(sqlite_db) -> None:
        service, _ = await deploy_service(sqlite_db, agent_graph(graph_id="graph-run-create"))
        started = threading.Event()
        release = threading.Event()
        service.orchestrator.agent_runners["agent-step"] = BlockingAgentRunner(
            started=started,
            release=release,
            output_data={"value": 10},
        )
        app = await bootstrap_app(sqlite_db, deployment_ref=service.deployment.deployment_ref)
        app.state.bootstrap = service
    
        with TestClient(app) as client:
            response = client.post(
                "/runs",
                json={"input_payload": {"value": 3}, "thread_id": "thread-continue"},
                headers=operator_headers(),
            )
            payload = response.json()
            run_id = payload["run_id"]
    
            assert response.status_code == 202
            assert payload["deployment_ref"] == service.deployment.deployment_ref
            assert payload["thread_id"] == "thread-continue"
            assert payload["status"] == "queued"
            assert run_id
    
>           wait_for(started.is_set)

tests/service/test_run_api.py:50: 
_ _ _ _ _ _ _ _ _ _ _ _ _ _ _ _ _ _ _ _ _ _ _ _ _ _ _ _ _ _ _ _ _ _ _ _ _ _ _ _ 

predicate = <bound method Event.is_set of <threading.Event at 0x11955e5d0: unset>>

    def wait_for(predicate, *, timeout: float = 3.0) -> None:
        deadline = time.monotonic() + timeout
        while time.monotonic() < deadline:
            if predicate():
                return
            time.sleep(0.01)
>       raise AssertionError("timed out waiting for condition")
E       AssertionError: timed out waiting for condition

tests/service/helpers.py:337: AssertionError
________ test_run_creation_without_thread_id_returns_new_thread_linkage ________

sqlite_db = <zeroth.storage.async_sqlite.AsyncSQLiteDatabase object at 0x11873b2c0>

    async def test_run_creation_without_thread_id_returns_new_thread_linkage(sqlite_db) -> None:
        service, _ = await deploy_service(sqlite_db, agent_graph(graph_id="graph-run-new-thread"))
        started = threading.Event()
        release = threading.Event()
        service.orchestrator.agent_runners["agent-step"] = BlockingAgentRunner(
            started=started,
            release=release,
            output_data={"value": 10},
        )
        app = await bootstrap_app(sqlite_db, deployment_ref=service.deployment.deployment_ref)
        app.state.bootstrap = service
    
        with TestClient(app) as client:
            response = client.post(
                "/runs",
                json={"input_payload": {"value": 3}},
                headers=operator_headers(),
            )
            payload = response.json()
    
            assert response.status_code == 202
            assert payload["status"] == "queued"
            assert payload["thread_id"] == payload["run_id"]
    
>           wait_for(started.is_set)

tests/service/test_run_api.py:78: 
_ _ _ _ _ _ _ _ _ _ _ _ _ _ _ _ _ _ _ _ _ _ _ _ _ _ _ _ _ _ _ _ _ _ _ _ _ _ _ _ 

predicate = <bound method Event.is_set of <threading.Event at 0x118739fd0: unset>>

    def wait_for(predicate, *, timeout: float = 3.0) -> None:
        deadline = time.monotonic() + timeout
        while time.monotonic() < deadline:
            if predicate():
                return
            time.sleep(0.01)
>       raise AssertionError("timed out waiting for condition")
E       AssertionError: timed out waiting for condition

tests/service/helpers.py:337: AssertionError
_____ test_run_creation_validates_against_deployed_input_contract_version ______

sqlite_db = <zeroth.storage.async_sqlite.AsyncSQLiteDatabase object at 0x11853e060>

    async def test_run_creation_validates_against_deployed_input_contract_version(sqlite_db) -> None:
        service, _ = await deploy_service(sqlite_db, agent_graph(graph_id="graph-run-pinned-contract"))
        await service.contract_registry.register(
            RunInputPayloadV2,
            name="contract://input",
            version=2,
        )
        started = threading.Event()
        release = threading.Event()
        service.orchestrator.agent_runners["agent-step"] = BlockingAgentRunner(
            started=started,
            release=release,
            output_data={"value": 10},
        )
        app = await bootstrap_app(sqlite_db, deployment_ref=service.deployment.deployment_ref)
        app.state.bootstrap = service
    
        with TestClient(app) as client:
            response = client.post(
                "/runs",
                json={"input_payload": {"value": 3}},
                headers=operator_headers(),
            )
    
            assert response.status_code == 202
>           wait_for(started.is_set)

tests/service/test_run_api.py:123: 
_ _ _ _ _ _ _ _ _ _ _ _ _ _ _ _ _ _ _ _ _ _ _ _ _ _ _ _ _ _ _ _ _ _ _ _ _ _ _ _ 

predicate = <bound method Event.is_set of <threading.Event at 0x119095610: unset>>

    def wait_for(predicate, *, timeout: float = 3.0) -> None:
        deadline = time.monotonic() + timeout
        while time.monotonic() < deadline:
            if predicate():
                return
            time.sleep(0.01)
>       raise AssertionError("timed out waiting for condition")
E       AssertionError: timed out waiting for condition

tests/service/helpers.py:337: AssertionError
_____________ test_run_status_reports_running_and_completed_state ______________

sqlite_db = <zeroth.storage.async_sqlite.AsyncSQLiteDatabase object at 0x118f26060>

    async def test_run_status_reports_running_and_completed_state(sqlite_db) -> None:
        service, _ = await deploy_service(sqlite_db, agent_graph(graph_id="graph-run-complete"))
        started = threading.Event()
        release = threading.Event()
        service.orchestrator.agent_runners["agent-step"] = BlockingAgentRunner(
            started=started,
            release=release,
            output_data={"value": 42},
        )
        app = await bootstrap_app(sqlite_db, deployment_ref=service.deployment.deployment_ref)
        app.state.bootstrap = service
    
        with TestClient(app) as client:
            create_response = client.post(
                "/runs",
                json={"input_payload": {"value": 7}},
                headers=operator_headers(),
            )
            run_id = create_response.json()["run_id"]
    
>           wait_for(started.is_set)

tests/service/test_run_api.py:171: 
_ _ _ _ _ _ _ _ _ _ _ _ _ _ _ _ _ _ _ _ _ _ _ _ _ _ _ _ _ _ _ _ _ _ _ _ _ _ _ _ 

predicate = <bound method Event.is_set of <threading.Event at 0x11912cfe0: unset>>

    def wait_for(predicate, *, timeout: float = 3.0) -> None:
        deadline = time.monotonic() + timeout
        while time.monotonic() < deadline:
            if predicate():
                return
            time.sleep(0.01)
>       raise AssertionError("timed out waiting for condition")
E       AssertionError: timed out waiting for condition

tests/service/helpers.py:337: AssertionError
_____________________ test_run_status_reports_failed_state _____________________

sqlite_db = <zeroth.storage.async_sqlite.AsyncSQLiteDatabase object at 0x118e40890>

    async def test_run_status_reports_failed_state(sqlite_db) -> None:
        service, _ = await deploy_service(sqlite_db, agent_graph(graph_id="graph-run-failed"))
        started = threading.Event()
        service.orchestrator.agent_runners["agent-step"] = FailingAgentRunner(started=started)
        app = await bootstrap_app(sqlite_db, deployment_ref=service.deployment.deployment_ref)
        app.state.bootstrap = service
    
        with TestClient(app) as client:
            create_response = client.post(
                "/runs",
                json={"input_payload": {"value": 7}},
                headers=operator_headers(),
            )
            run_id = create_response.json()["run_id"]
    
>           wait_for(started.is_set)

tests/service/test_run_api.py:284: 
_ _ _ _ _ _ _ _ _ _ _ _ _ _ _ _ _ _ _ _ _ _ _ _ _ _ _ _ _ _ _ _ _ _ _ _ _ _ _ _ 

predicate = <bound method Event.is_set of <threading.Event at 0x118ffb860: unset>>

    def wait_for(predicate, *, timeout: float = 3.0) -> None:
        deadline = time.monotonic() + timeout
        while time.monotonic() < deadline:
            if predicate():
                return
            time.sleep(0.01)
>       raise AssertionError("timed out waiting for condition")
E       AssertionError: timed out waiting for condition

tests/service/helpers.py:337: AssertionError
_________ test_thread_api_creates_new_thread_when_thread_id_is_omitted _________

sqlite_db = <zeroth.storage.async_sqlite.AsyncSQLiteDatabase object at 0x118595b20>

    async def test_thread_api_creates_new_thread_when_thread_id_is_omitted(sqlite_db) -> None:
        service, _ = await deploy_service(sqlite_db, agent_graph(graph_id="graph-thread-new"))
        started = threading.Event()
        release = threading.Event()
        service.orchestrator.agent_runners["agent-step"] = BlockingAgentRunner(
            started=started,
            release=release,
            output_data={"value": 10},
        )
        web_app = await service_app(sqlite_db, service.deployment.deployment_ref, service)
    
        with TestClient(web_app) as client:
            response = client.post(
                "/runs",
                json={"input_payload": {"value": 3}},
                headers=operator_headers(),
            )
            payload = response.json()
    
            assert response.status_code == 202
            assert payload["thread_id"] == payload["run_id"]
>           wait_for(started.is_set)

tests/service/test_thread_api.py:41: 
_ _ _ _ _ _ _ _ _ _ _ _ _ _ _ _ _ _ _ _ _ _ _ _ _ _ _ _ _ _ _ _ _ _ _ _ _ _ _ _ 

predicate = <bound method Event.is_set of <threading.Event at 0x1186bdc70: unset>>

    def wait_for(predicate, *, timeout: float = 3.0) -> None:
        deadline = time.monotonic() + timeout
        while time.monotonic() < deadline:
            if predicate():
                return
            time.sleep(0.01)
>       raise AssertionError("timed out waiting for condition")
E       AssertionError: timed out waiting for condition

tests/service/helpers.py:337: AssertionError
____ test_thread_api_continues_existing_thread_for_same_deployment_snapshot ____

sqlite_db = <zeroth.storage.async_sqlite.AsyncSQLiteDatabase object at 0x118865f70>

    async def test_thread_api_continues_existing_thread_for_same_deployment_snapshot(sqlite_db) -> None:
        service, _ = await deploy_service(sqlite_db, agent_graph(graph_id="graph-thread-continue"))
        started = threading.Event()
        release = threading.Event()
        service.orchestrator.agent_runners["agent-step"] = BlockingAgentRunner(
            started=started,
            release=release,
            output_data={"value": 10},
        )
        web_app = await service_app(sqlite_db, service.deployment.deployment_ref, service)
    
        with TestClient(web_app) as client:
            first = client.post(
                "/runs",
                json={"input_payload": {"value": 3}},
                headers=operator_headers(),
            )
            thread_id = first.json()["thread_id"]
            run_id = first.json()["run_id"]
>           wait_for(started.is_set)

tests/service/test_thread_api.py:64: 
_ _ _ _ _ _ _ _ _ _ _ _ _ _ _ _ _ _ _ _ _ _ _ _ _ _ _ _ _ _ _ _ _ _ _ _ _ _ _ _ 

predicate = <bound method Event.is_set of <threading.Event at 0x118866420: unset>>

    def wait_for(predicate, *, timeout: float = 3.0) -> None:
        deadline = time.monotonic() + timeout
        while time.monotonic() < deadline:
            if predicate():
                return
            time.sleep(0.01)
>       raise AssertionError("timed out waiting for condition")
E       AssertionError: timed out waiting for condition

tests/service/helpers.py:337: AssertionError
_____ test_thread_api_keeps_thread_linkage_visible_in_run_state_and_audits _____

sqlite_db = <zeroth.storage.async_sqlite.AsyncSQLiteDatabase object at 0x11859f0b0>

    async def test_thread_api_keeps_thread_linkage_visible_in_run_state_and_audits(sqlite_db) -> None:
        service, _ = await deploy_service(sqlite_db, agent_graph(graph_id="graph-thread-audits"))
        started = threading.Event()
        release = threading.Event()
        service.orchestrator.agent_runners["agent-step"] = BlockingAgentRunner(
            started=started,
            release=release,
            output_data={"value": 10},
        )
        web_app = await service_app(sqlite_db, service.deployment.deployment_ref, service)
    
        with TestClient(web_app) as client:
            create_response = client.post(
                "/runs",
                json={"input_payload": {"value": 3}},
                headers=operator_headers(),
            )
            run_id = create_response.json()["run_id"]
            thread_id = create_response.json()["thread_id"]
>           wait_for(started.is_set)

tests/service/test_thread_api.py:164: 
_ _ _ _ _ _ _ _ _ _ _ _ _ _ _ _ _ _ _ _ _ _ _ _ _ _ _ _ _ _ _ _ _ _ _ _ _ _ _ _ 

predicate = <bound method Event.is_set of <threading.Event at 0x11894cfe0: unset>>

    def wait_for(predicate, *, timeout: float = 3.0) -> None:
        deadline = time.monotonic() + timeout
        while time.monotonic() < deadline:
            if predicate():
                return
            time.sleep(0.01)
>       raise AssertionError("timed out waiting for condition")
E       AssertionError: timed out waiting for condition

tests/service/helpers.py:337: AssertionError
______________ TestDatabaseFactory.test_factory_creates_postgres _______________

self = <tests.test_postgres_backend.TestDatabaseFactory object at 0x1175848c0>
postgres_container = <testcontainers.postgres.PostgresContainer object at 0x118da5490>

    async def test_factory_creates_postgres(self, postgres_container):
        from zeroth.config.settings import ZerothSettings
        from zeroth.storage.async_postgres import AsyncPostgresDatabase
        from zeroth.storage.factory import create_database
    
        url = postgres_container.get_connection_url()
        dsn = url.replace("postgresql+psycopg2://", "postgresql://")
        settings = ZerothSettings(database={"backend": "postgres", "postgres_dsn": dsn})
        db = await create_database(settings)
>       assert isinstance(db, AsyncPostgresDatabase)
E       AssertionError: assert False
E        +  where False = isinstance(<zeroth.storage.async_sqlite.AsyncSQLiteDatabase object at 0x1182132c0>, <class 'zeroth.storage.async_postgres.AsyncPostgresDatabase'>)

tests/test_postgres_backend.py:111: AssertionError
=============================== warnings summary ===============================
tests/dispatch/test_worker.py::test_extract_run_id_from_task_name
  /Users/dondoe/coding/zeroth/.venv/lib/python3.12/site-packages/_pytest/python.py:166: RuntimeWarning: coroutine 'test_extract_run_id_from_task_name.<locals>._noop' was never awaited
    result = testfunction(**testargs)
  Enable tracemalloc to get traceback where the object was allocated.
  See https://docs.pytest.org/en/stable/how-to/capture-warnings.html#resource-warnings for more info.

-- Docs: https://docs.pytest.org/en/stable/how-to/capture-warnings.html
=========================== short test summary info ============================
ERROR tests/test_postgres_backend.py::TestGraphRepositoryDualBackend::test_save_and_get_graph[postgres]
ERROR tests/test_postgres_backend.py::TestGraphRepositoryDualBackend::test_publish_graph[postgres]
ERROR tests/test_postgres_backend.py::TestRunRepositoryDualBackend::test_put_and_get_run[postgres]
ERROR tests/test_postgres_backend.py::TestRunRepositoryDualBackend::test_count_pending[postgres]
FAILED tests/live_scenarios/test_research_audit.py::test_research_audit_bootstrap_and_api_flow
FAILED tests/live_scenarios/test_research_audit.py::test_research_audit_approval_pause_and_resume
FAILED tests/live_scenarios/test_research_audit.py::test_research_audit_thread_continuity_across_runs
FAILED tests/policy/test_runtime_enforcement.py::test_runtime_orchestrator_passes_enforcement_context_to_runners_and_audit
FAILED tests/secrets/test_data_protection.py::test_checkpoints_do_not_persist_raw_secret_values
FAILED tests/secrets/test_data_protection.py::test_audit_records_do_not_contain_raw_secret_values_at_rest
FAILED tests/service/test_approval_api.py::test_approval_api_resolves_all_decisions_and_resumes_when_appropriate[approve-None-succeeded-expected_output0]
FAILED tests/service/test_approval_api.py::test_approval_api_resolves_all_decisions_and_resumes_when_appropriate[edit_and_approve-edited_payload2-succeeded-expected_output2]
FAILED tests/service/test_approval_api.py::test_approval_api_duplicate_resolution_is_idempotent
FAILED tests/service/test_e2e_phase4.py::test_phase4_end_to_end_deploy_invoke_resume_thread_and_rollback
FAILED tests/service/test_e2e_phase5.py::test_phase5_linear_graph_runs_agent_to_eu_to_agent_via_api
FAILED tests/service/test_e2e_phase5.py::test_phase5_cyclic_graph_stops_at_loop_guard_via_api
FAILED tests/service/test_e2e_phase5.py::test_phase5_conditional_branching_fans_out_via_api
FAILED tests/service/test_e2e_phase5.py::test_phase5_approval_pause_and_resume_via_api
FAILED tests/service/test_e2e_phase5.py::test_phase5_thread_continuity_across_runs_via_api
FAILED tests/service/test_e2e_phase5.py::test_phase5_shared_memory_connector_between_agents_via_api
FAILED tests/service/test_e2e_phase5.py::test_phase5_deploy_and_invoke_via_service_wrapper_api
FAILED tests/service/test_run_api.py::test_run_creation_accepts_input_and_supplied_thread_id
FAILED tests/service/test_run_api.py::test_run_creation_without_thread_id_returns_new_thread_linkage
FAILED tests/service/test_run_api.py::test_run_creation_validates_against_deployed_input_contract_version
FAILED tests/service/test_run_api.py::test_run_status_reports_running_and_completed_state
FAILED tests/service/test_run_api.py::test_run_status_reports_failed_state - ...
FAILED tests/service/test_thread_api.py::test_thread_api_creates_new_thread_when_thread_id_is_omitted
FAILED tests/service/test_thread_api.py::test_thread_api_continues_existing_thread_for_same_deployment_snapshot
FAILED tests/service/test_thread_api.py::test_thread_api_keeps_thread_linkage_visible_in_run_state_and_audits
FAILED tests/test_postgres_backend.py::TestDatabaseFactory::test_factory_creates_postgres
= 26 failed, 635 passed, 8 deselected, 1 warning, 4 errors in 99.78s (0:01:39) =
